CRITICAL - 2024-04-01 12:32:15 --> ErrorException: Undefined variable $element
in APPPATH\Controllers\QuizController.php on line 58.
 1 APPPATH\Controllers\QuizController.php(58): CodeIgniter\Debug\Exceptions->errorHandler(2, 'Undefined variable $element', 'C:\\xampp\\htdocs\\webService\\app\\Controllers\\QuizController.php', 58)
 2 SYSTEMPATH\CodeIgniter.php(941): App\Controllers\QuizController->put()
 3 SYSTEMPATH\CodeIgniter.php(502): CodeIgniter\CodeIgniter->runController(Object(App\Controllers\QuizController))
 4 SYSTEMPATH\CodeIgniter.php(361): CodeIgniter\CodeIgniter->handleRequest(null, Object(Config\Cache), false)
 5 FCPATH\index.php(79): CodeIgniter\CodeIgniter->run()
CRITICAL - 2024-04-01 12:35:50 --> ErrorException: Undefined array key "id_quiz"
in APPPATH\Controllers\QuizController.php on line 56.
 1 APPPATH\Controllers\QuizController.php(56): CodeIgniter\Debug\Exceptions->errorHandler(2, 'Undefined array key "id_quiz"', 'C:\\xampp\\htdocs\\webService\\app\\Controllers\\QuizController.php', 56)
 2 SYSTEMPATH\CodeIgniter.php(941): App\Controllers\QuizController->put()
 3 SYSTEMPATH\CodeIgniter.php(502): CodeIgniter\CodeIgniter->runController(Object(App\Controllers\QuizController))
 4 SYSTEMPATH\CodeIgniter.php(361): CodeIgniter\CodeIgniter->handleRequest(null, Object(Config\Cache), false)
 5 FCPATH\index.php(79): CodeIgniter\CodeIgniter->run()
CRITICAL - 2024-04-01 12:44:53 --> ErrorException: Undefined variable $quizModel
in APPPATH\Controllers\QuizController.php on line 57.
 1 APPPATH\Controllers\QuizController.php(57): CodeIgniter\Debug\Exceptions->errorHandler(2, 'Undefined variable $quizModel', 'C:\\xampp\\htdocs\\webService\\app\\Controllers\\QuizController.php', 57)
 2 SYSTEMPATH\CodeIgniter.php(941): App\Controllers\QuizController->put()
 3 SYSTEMPATH\CodeIgniter.php(502): CodeIgniter\CodeIgniter->runController(Object(App\Controllers\QuizController))
 4 SYSTEMPATH\CodeIgniter.php(361): CodeIgniter\CodeIgniter->handleRequest(null, Object(Config\Cache), false)
 5 FCPATH\index.php(79): CodeIgniter\CodeIgniter->run()
CRITICAL - 2024-04-01 12:45:24 --> ErrorException: Undefined variable $quizModel
in APPPATH\Controllers\QuizController.php on line 58.
 1 APPPATH\Controllers\QuizController.php(58): CodeIgniter\Debug\Exceptions->errorHandler(2, 'Undefined variable $quizModel', 'C:\\xampp\\htdocs\\webService\\app\\Controllers\\QuizController.php', 58)
 2 SYSTEMPATH\CodeIgniter.php(941): App\Controllers\QuizController->put()
 3 SYSTEMPATH\CodeIgniter.php(502): CodeIgniter\CodeIgniter->runController(Object(App\Controllers\QuizController))
 4 SYSTEMPATH\CodeIgniter.php(361): CodeIgniter\CodeIgniter->handleRequest(null, Object(Config\Cache), false)
 5 FCPATH\index.php(79): CodeIgniter\CodeIgniter->run()
CRITICAL - 2024-04-01 12:45:40 --> CodeIgniter\Database\Exceptions\DatabaseException: You must set the database table to be used with your query.
in SYSTEMPATH\Database\BaseConnection.php on line 884.
 1 SYSTEMPATH\Model.php(662): CodeIgniter\Database\BaseConnection->table(null)
 2 SYSTEMPATH\Model.php(864): CodeIgniter\Model->builder()
 3 APPPATH\Controllers\QuizController.php(58): CodeIgniter\Model->__call('put', [...])
 4 SYSTEMPATH\CodeIgniter.php(941): App\Controllers\QuizController->put()
 5 SYSTEMPATH\CodeIgniter.php(502): CodeIgniter\CodeIgniter->runController(Object(App\Controllers\QuizController))
 6 SYSTEMPATH\CodeIgniter.php(361): CodeIgniter\CodeIgniter->handleRequest(null, Object(Config\Cache), false)
 7 FCPATH\index.php(79): CodeIgniter\CodeIgniter->run()
CRITICAL - 2024-04-01 12:46:10 --> ErrorException: Undefined variable $db
in APPPATH\Models\QuizModel.php on line 42.
 1 APPPATH\Models\QuizModel.php(42): CodeIgniter\Debug\Exceptions->errorHandler(2, 'Undefined variable $db', 'C:\\xampp\\htdocs\\webService\\app\\Models\\QuizModel.php', 42)
 2 APPPATH\Controllers\QuizController.php(58): App\Models\QuizModel->put([...])
 3 SYSTEMPATH\CodeIgniter.php(941): App\Controllers\QuizController->put()
 4 SYSTEMPATH\CodeIgniter.php(502): CodeIgniter\CodeIgniter->runController(Object(App\Controllers\QuizController))
 5 SYSTEMPATH\CodeIgniter.php(361): CodeIgniter\CodeIgniter->handleRequest(null, Object(Config\Cache), false)
 6 FCPATH\index.php(79): CodeIgniter\CodeIgniter->run()
ERROR - 2024-04-01 12:58:43 --> mysqli_sql_exception: Duplicate entry '1' for key 'PRIMARY' in C:\xampp\htdocs\webService\system\Database\MySQLi\Connection.php:306
Stack trace:
#0 C:\xampp\htdocs\webService\system\Database\MySQLi\Connection.php(306): mysqli->query('UPDATE `quiz` S...', 0)
#1 C:\xampp\htdocs\webService\system\Database\BaseConnection.php(693): CodeIgniter\Database\MySQLi\Connection->execute('UPDATE `quiz` S...')
#2 C:\xampp\htdocs\webService\system\Database\BaseConnection.php(607): CodeIgniter\Database\BaseConnection->simpleQuery('UPDATE `quiz` S...')
#3 C:\xampp\htdocs\webService\system\Database\BaseBuilder.php(2474): CodeIgniter\Database\BaseConnection->query('UPDATE `quiz` S...', Array, false)
#4 C:\xampp\htdocs\webService\app\Models\QuizModel.php(43): CodeIgniter\Database\BaseBuilder->update(Array)
#5 C:\xampp\htdocs\webService\app\Controllers\QuizController.php(57): App\Models\QuizModel->put(Array)
#6 C:\xampp\htdocs\webService\system\CodeIgniter.php(941): App\Controllers\QuizController->put()
#7 C:\xampp\htdocs\webService\system\CodeIgniter.php(502): CodeIgniter\CodeIgniter->runController(Object(App\Controllers\QuizController))
#8 C:\xampp\htdocs\webService\system\CodeIgniter.php(361): CodeIgniter\CodeIgniter->handleRequest(NULL, Object(Config\Cache), false)
#9 C:\xampp\htdocs\webService\public\index.php(79): CodeIgniter\CodeIgniter->run()
#10 {main}
CRITICAL - 2024-04-01 12:58:43 --> CodeIgniter\Database\Exceptions\DatabaseException: Duplicate entry '1' for key 'PRIMARY'
in SYSTEMPATH\Database\BaseConnection.php on line 647.
 1 SYSTEMPATH\Database\BaseBuilder.php(2474): CodeIgniter\Database\BaseConnection->query('UPDATE `quiz` SET `id_quiz` = :id_quiz:, `descrizione` = :descrizione:', [...], false)
 2 APPPATH\Models\QuizModel.php(43): CodeIgniter\Database\BaseBuilder->update([...])
 3 APPPATH\Controllers\QuizController.php(57): App\Models\QuizModel->put([...])
 4 SYSTEMPATH\CodeIgniter.php(941): App\Controllers\QuizController->put()
 5 SYSTEMPATH\CodeIgniter.php(502): CodeIgniter\CodeIgniter->runController(Object(App\Controllers\QuizController))
 6 SYSTEMPATH\CodeIgniter.php(361): CodeIgniter\CodeIgniter->handleRequest(null, Object(Config\Cache), false)
 7 FCPATH\index.php(79): CodeIgniter\CodeIgniter->run()
CRITICAL - 2024-04-01 12:58:43 --> [Caused by] CodeIgniter\Database\Exceptions\DatabaseException: Duplicate entry '1' for key 'PRIMARY'
in SYSTEMPATH\Database\MySQLi\Connection.php on line 311.
 1 SYSTEMPATH\Database\BaseConnection.php(693): CodeIgniter\Database\MySQLi\Connection->execute('UPDATE `quiz` SET `id_quiz` = \'1\', `descrizione` = \'bbbb\'')
 2 SYSTEMPATH\Database\BaseConnection.php(607): CodeIgniter\Database\BaseConnection->simpleQuery('UPDATE `quiz` SET `id_quiz` = \'1\', `descrizione` = \'bbbb\'')
 3 SYSTEMPATH\Database\BaseBuilder.php(2474): CodeIgniter\Database\BaseConnection->query('UPDATE `quiz` SET `id_quiz` = :id_quiz:, `descrizione` = :descrizione:', [...], false)
 4 APPPATH\Models\QuizModel.php(43): CodeIgniter\Database\BaseBuilder->update([...])
 5 APPPATH\Controllers\QuizController.php(57): App\Models\QuizModel->put([...])
 6 SYSTEMPATH\CodeIgniter.php(941): App\Controllers\QuizController->put()
 7 SYSTEMPATH\CodeIgniter.php(502): CodeIgniter\CodeIgniter->runController(Object(App\Controllers\QuizController))
 8 SYSTEMPATH\CodeIgniter.php(361): CodeIgniter\CodeIgniter->handleRequest(null, Object(Config\Cache), false)
 9 FCPATH\index.php(79): CodeIgniter\CodeIgniter->run()
CRITICAL - 2024-04-01 12:58:43 --> [Caused by] mysqli_sql_exception: Duplicate entry '1' for key 'PRIMARY'
in SYSTEMPATH\Database\MySQLi\Connection.php on line 306.
 1 SYSTEMPATH\Database\MySQLi\Connection.php(306): mysqli->query('UPDATE `quiz` SET `id_quiz` = \'1\', `descrizione` = \'bbbb\'', 0)
 2 SYSTEMPATH\Database\BaseConnection.php(693): CodeIgniter\Database\MySQLi\Connection->execute('UPDATE `quiz` SET `id_quiz` = \'1\', `descrizione` = \'bbbb\'')
 3 SYSTEMPATH\Database\BaseConnection.php(607): CodeIgniter\Database\BaseConnection->simpleQuery('UPDATE `quiz` SET `id_quiz` = \'1\', `descrizione` = \'bbbb\'')
 4 SYSTEMPATH\Database\BaseBuilder.php(2474): CodeIgniter\Database\BaseConnection->query('UPDATE `quiz` SET `id_quiz` = :id_quiz:, `descrizione` = :descrizione:', [...], false)
 5 APPPATH\Models\QuizModel.php(43): CodeIgniter\Database\BaseBuilder->update([...])
 6 APPPATH\Controllers\QuizController.php(57): App\Models\QuizModel->put([...])
 7 SYSTEMPATH\CodeIgniter.php(941): App\Controllers\QuizController->put()
 8 SYSTEMPATH\CodeIgniter.php(502): CodeIgniter\CodeIgniter->runController(Object(App\Controllers\QuizController))
 9 SYSTEMPATH\CodeIgniter.php(361): CodeIgniter\CodeIgniter->handleRequest(null, Object(Config\Cache), false)
10 FCPATH\index.php(79): CodeIgniter\CodeIgniter->run()
ERROR - 2024-04-01 12:58:52 --> mysqli_sql_exception: Duplicate entry '2' for key 'PRIMARY' in C:\xampp\htdocs\webService\system\Database\MySQLi\Connection.php:306
Stack trace:
#0 C:\xampp\htdocs\webService\system\Database\MySQLi\Connection.php(306): mysqli->query('UPDATE `quiz` S...', 0)
#1 C:\xampp\htdocs\webService\system\Database\BaseConnection.php(693): CodeIgniter\Database\MySQLi\Connection->execute('UPDATE `quiz` S...')
#2 C:\xampp\htdocs\webService\system\Database\BaseConnection.php(607): CodeIgniter\Database\BaseConnection->simpleQuery('UPDATE `quiz` S...')
#3 C:\xampp\htdocs\webService\system\Database\BaseBuilder.php(2474): CodeIgniter\Database\BaseConnection->query('UPDATE `quiz` S...', Array, false)
#4 C:\xampp\htdocs\webService\app\Models\QuizModel.php(43): CodeIgniter\Database\BaseBuilder->update(Array)
#5 C:\xampp\htdocs\webService\app\Controllers\QuizController.php(57): App\Models\QuizModel->put(Array)
#6 C:\xampp\htdocs\webService\system\CodeIgniter.php(941): App\Controllers\QuizController->put()
#7 C:\xampp\htdocs\webService\system\CodeIgniter.php(502): CodeIgniter\CodeIgniter->runController(Object(App\Controllers\QuizController))
#8 C:\xampp\htdocs\webService\system\CodeIgniter.php(361): CodeIgniter\CodeIgniter->handleRequest(NULL, Object(Config\Cache), false)
#9 C:\xampp\htdocs\webService\public\index.php(79): CodeIgniter\CodeIgniter->run()
#10 {main}
CRITICAL - 2024-04-01 12:58:52 --> CodeIgniter\Database\Exceptions\DatabaseException: Duplicate entry '2' for key 'PRIMARY'
in SYSTEMPATH\Database\BaseConnection.php on line 647.
 1 SYSTEMPATH\Database\BaseBuilder.php(2474): CodeIgniter\Database\BaseConnection->query('UPDATE `quiz` SET `id_quiz` = :id_quiz:, `descrizione` = :descrizione:', [...], false)
 2 APPPATH\Models\QuizModel.php(43): CodeIgniter\Database\BaseBuilder->update([...])
 3 APPPATH\Controllers\QuizController.php(57): App\Models\QuizModel->put([...])
 4 SYSTEMPATH\CodeIgniter.php(941): App\Controllers\QuizController->put()
 5 SYSTEMPATH\CodeIgniter.php(502): CodeIgniter\CodeIgniter->runController(Object(App\Controllers\QuizController))
 6 SYSTEMPATH\CodeIgniter.php(361): CodeIgniter\CodeIgniter->handleRequest(null, Object(Config\Cache), false)
 7 FCPATH\index.php(79): CodeIgniter\CodeIgniter->run()
CRITICAL - 2024-04-01 12:58:52 --> [Caused by] CodeIgniter\Database\Exceptions\DatabaseException: Duplicate entry '2' for key 'PRIMARY'
in SYSTEMPATH\Database\MySQLi\Connection.php on line 311.
 1 SYSTEMPATH\Database\BaseConnection.php(693): CodeIgniter\Database\MySQLi\Connection->execute('UPDATE `quiz` SET `id_quiz` = \'2\', `descrizione` = \'ccc\'')
 2 SYSTEMPATH\Database\BaseConnection.php(607): CodeIgniter\Database\BaseConnection->simpleQuery('UPDATE `quiz` SET `id_quiz` = \'2\', `descrizione` = \'ccc\'')
 3 SYSTEMPATH\Database\BaseBuilder.php(2474): CodeIgniter\Database\BaseConnection->query('UPDATE `quiz` SET `id_quiz` = :id_quiz:, `descrizione` = :descrizione:', [...], false)
 4 APPPATH\Models\QuizModel.php(43): CodeIgniter\Database\BaseBuilder->update([...])
 5 APPPATH\Controllers\QuizController.php(57): App\Models\QuizModel->put([...])
 6 SYSTEMPATH\CodeIgniter.php(941): App\Controllers\QuizController->put()
 7 SYSTEMPATH\CodeIgniter.php(502): CodeIgniter\CodeIgniter->runController(Object(App\Controllers\QuizController))
 8 SYSTEMPATH\CodeIgniter.php(361): CodeIgniter\CodeIgniter->handleRequest(null, Object(Config\Cache), false)
 9 FCPATH\index.php(79): CodeIgniter\CodeIgniter->run()
CRITICAL - 2024-04-01 12:58:52 --> [Caused by] mysqli_sql_exception: Duplicate entry '2' for key 'PRIMARY'
in SYSTEMPATH\Database\MySQLi\Connection.php on line 306.
 1 SYSTEMPATH\Database\MySQLi\Connection.php(306): mysqli->query('UPDATE `quiz` SET `id_quiz` = \'2\', `descrizione` = \'ccc\'', 0)
 2 SYSTEMPATH\Database\BaseConnection.php(693): CodeIgniter\Database\MySQLi\Connection->execute('UPDATE `quiz` SET `id_quiz` = \'2\', `descrizione` = \'ccc\'')
 3 SYSTEMPATH\Database\BaseConnection.php(607): CodeIgniter\Database\BaseConnection->simpleQuery('UPDATE `quiz` SET `id_quiz` = \'2\', `descrizione` = \'ccc\'')
 4 SYSTEMPATH\Database\BaseBuilder.php(2474): CodeIgniter\Database\BaseConnection->query('UPDATE `quiz` SET `id_quiz` = :id_quiz:, `descrizione` = :descrizione:', [...], false)
 5 APPPATH\Models\QuizModel.php(43): CodeIgniter\Database\BaseBuilder->update([...])
 6 APPPATH\Controllers\QuizController.php(57): App\Models\QuizModel->put([...])
 7 SYSTEMPATH\CodeIgniter.php(941): App\Controllers\QuizController->put()
 8 SYSTEMPATH\CodeIgniter.php(502): CodeIgniter\CodeIgniter->runController(Object(App\Controllers\QuizController))
 9 SYSTEMPATH\CodeIgniter.php(361): CodeIgniter\CodeIgniter->handleRequest(null, Object(Config\Cache), false)
10 FCPATH\index.php(79): CodeIgniter\CodeIgniter->run()
CRITICAL - 2024-04-01 12:59:45 --> ErrorException: Undefined variable $qui
in APPPATH\Models\QuizModel.php on line 43.
 1 APPPATH\Models\QuizModel.php(43): CodeIgniter\Debug\Exceptions->errorHandler(2, 'Undefined variable $qui', 'C:\\xampp\\htdocs\\webService\\app\\Models\\QuizModel.php', 43)
 2 APPPATH\Controllers\QuizController.php(57): App\Models\QuizModel->put([...])
 3 SYSTEMPATH\CodeIgniter.php(941): App\Controllers\QuizController->put()
 4 SYSTEMPATH\CodeIgniter.php(502): CodeIgniter\CodeIgniter->runController(Object(App\Controllers\QuizController))
 5 SYSTEMPATH\CodeIgniter.php(361): CodeIgniter\CodeIgniter->handleRequest(null, Object(Config\Cache), false)
 6 FCPATH\index.php(79): CodeIgniter\CodeIgniter->run()
ERROR - 2024-04-01 12:59:59 --> mysqli_sql_exception: Unknown column 'id' in 'where clause' in C:\xampp\htdocs\webService\system\Database\MySQLi\Connection.php:306
Stack trace:
#0 C:\xampp\htdocs\webService\system\Database\MySQLi\Connection.php(306): mysqli->query('UPDATE `quiz` S...', 0)
#1 C:\xampp\htdocs\webService\system\Database\BaseConnection.php(693): CodeIgniter\Database\MySQLi\Connection->execute('UPDATE `quiz` S...')
#2 C:\xampp\htdocs\webService\system\Database\BaseConnection.php(607): CodeIgniter\Database\BaseConnection->simpleQuery('UPDATE `quiz` S...')
#3 C:\xampp\htdocs\webService\system\Database\BaseBuilder.php(2474): CodeIgniter\Database\BaseConnection->query('UPDATE `quiz` S...', Array, false)
#4 C:\xampp\htdocs\webService\app\Models\QuizModel.php(43): CodeIgniter\Database\BaseBuilder->update(Array)
#5 C:\xampp\htdocs\webService\app\Controllers\QuizController.php(57): App\Models\QuizModel->put(Array)
#6 C:\xampp\htdocs\webService\system\CodeIgniter.php(941): App\Controllers\QuizController->put()
#7 C:\xampp\htdocs\webService\system\CodeIgniter.php(502): CodeIgniter\CodeIgniter->runController(Object(App\Controllers\QuizController))
#8 C:\xampp\htdocs\webService\system\CodeIgniter.php(361): CodeIgniter\CodeIgniter->handleRequest(NULL, Object(Config\Cache), false)
#9 C:\xampp\htdocs\webService\public\index.php(79): CodeIgniter\CodeIgniter->run()
#10 {main}
CRITICAL - 2024-04-01 12:59:59 --> CodeIgniter\Database\Exceptions\DatabaseException: Unknown column 'id' in 'where clause'
in SYSTEMPATH\Database\BaseConnection.php on line 647.
 1 SYSTEMPATH\Database\BaseBuilder.php(2474): CodeIgniter\Database\BaseConnection->query('UPDATE `quiz` SET `id_quiz` = :id_quiz:, `descrizione` = :descrizione:
WHERE `id` = :id:', [...], false)
 2 APPPATH\Models\QuizModel.php(43): CodeIgniter\Database\BaseBuilder->update([...])
 3 APPPATH\Controllers\QuizController.php(57): App\Models\QuizModel->put([...])
 4 SYSTEMPATH\CodeIgniter.php(941): App\Controllers\QuizController->put()
 5 SYSTEMPATH\CodeIgniter.php(502): CodeIgniter\CodeIgniter->runController(Object(App\Controllers\QuizController))
 6 SYSTEMPATH\CodeIgniter.php(361): CodeIgniter\CodeIgniter->handleRequest(null, Object(Config\Cache), false)
 7 FCPATH\index.php(79): CodeIgniter\CodeIgniter->run()
CRITICAL - 2024-04-01 12:59:59 --> [Caused by] CodeIgniter\Database\Exceptions\DatabaseException: Unknown column 'id' in 'where clause'
in SYSTEMPATH\Database\MySQLi\Connection.php on line 311.
 1 SYSTEMPATH\Database\BaseConnection.php(693): CodeIgniter\Database\MySQLi\Connection->execute('UPDATE `quiz` SET `id_quiz` = \'2\', `descrizione` = \'ccc\'
WHERE `id` = \'2\'')
 2 SYSTEMPATH\Database\BaseConnection.php(607): CodeIgniter\Database\BaseConnection->simpleQuery('UPDATE `quiz` SET `id_quiz` = \'2\', `descrizione` = \'ccc\'
WHERE `id` = \'2\'')
 3 SYSTEMPATH\Database\BaseBuilder.php(2474): CodeIgniter\Database\BaseConnection->query('UPDATE `quiz` SET `id_quiz` = :id_quiz:, `descrizione` = :descrizione:
WHERE `id` = :id:', [...], false)
 4 APPPATH\Models\QuizModel.php(43): CodeIgniter\Database\BaseBuilder->update([...])
 5 APPPATH\Controllers\QuizController.php(57): App\Models\QuizModel->put([...])
 6 SYSTEMPATH\CodeIgniter.php(941): App\Controllers\QuizController->put()
 7 SYSTEMPATH\CodeIgniter.php(502): CodeIgniter\CodeIgniter->runController(Object(App\Controllers\QuizController))
 8 SYSTEMPATH\CodeIgniter.php(361): CodeIgniter\CodeIgniter->handleRequest(null, Object(Config\Cache), false)
 9 FCPATH\index.php(79): CodeIgniter\CodeIgniter->run()
CRITICAL - 2024-04-01 12:59:59 --> [Caused by] mysqli_sql_exception: Unknown column 'id' in 'where clause'
in SYSTEMPATH\Database\MySQLi\Connection.php on line 306.
 1 SYSTEMPATH\Database\MySQLi\Connection.php(306): mysqli->query('UPDATE `quiz` SET `id_quiz` = \'2\', `descrizione` = \'ccc\'
WHERE `id` = \'2\'', 0)
 2 SYSTEMPATH\Database\BaseConnection.php(693): CodeIgniter\Database\MySQLi\Connection->execute('UPDATE `quiz` SET `id_quiz` = \'2\', `descrizione` = \'ccc\'
WHERE `id` = \'2\'')
 3 SYSTEMPATH\Database\BaseConnection.php(607): CodeIgniter\Database\BaseConnection->simpleQuery('UPDATE `quiz` SET `id_quiz` = \'2\', `descrizione` = \'ccc\'
WHERE `id` = \'2\'')
 4 SYSTEMPATH\Database\BaseBuilder.php(2474): CodeIgniter\Database\BaseConnection->query('UPDATE `quiz` SET `id_quiz` = :id_quiz:, `descrizione` = :descrizione:
WHERE `id` = :id:', [...], false)
 5 APPPATH\Models\QuizModel.php(43): CodeIgniter\Database\BaseBuilder->update([...])
 6 APPPATH\Controllers\QuizController.php(57): App\Models\QuizModel->put([...])
 7 SYSTEMPATH\CodeIgniter.php(941): App\Controllers\QuizController->put()
 8 SYSTEMPATH\CodeIgniter.php(502): CodeIgniter\CodeIgniter->runController(Object(App\Controllers\QuizController))
 9 SYSTEMPATH\CodeIgniter.php(361): CodeIgniter\CodeIgniter->handleRequest(null, Object(Config\Cache), false)
10 FCPATH\index.php(79): CodeIgniter\CodeIgniter->run()
CRITICAL - 2024-04-01 13:05:11 --> CodeIgniter\Database\Exceptions\DatabaseException: You must set the database table to be used with your query.
in SYSTEMPATH\Database\BaseConnection.php on line 884.
 1 SYSTEMPATH\Model.php(662): CodeIgniter\Database\BaseConnection->table(null)
 2 SYSTEMPATH\Model.php(864): CodeIgniter\Model->builder()
 3 APPPATH\Controllers\QuizController.php(59): CodeIgniter\Model->__call('get_quiz', [...])
 4 SYSTEMPATH\CodeIgniter.php(941): App\Controllers\QuizController->put()
 5 SYSTEMPATH\CodeIgniter.php(502): CodeIgniter\CodeIgniter->runController(Object(App\Controllers\QuizController))
 6 SYSTEMPATH\CodeIgniter.php(361): CodeIgniter\CodeIgniter->handleRequest(null, Object(Config\Cache), false)
 7 FCPATH\index.php(79): CodeIgniter\CodeIgniter->run()
CRITICAL - 2024-04-01 13:05:33 --> ErrorException: Undefined variable $db_connect
in APPPATH\Models\QuizModel.php on line 34.
 1 APPPATH\Models\QuizModel.php(34): CodeIgniter\Debug\Exceptions->errorHandler(2, 'Undefined variable $db_connect', 'C:\\xampp\\htdocs\\webService\\app\\Models\\QuizModel.php', 34)
 2 APPPATH\Controllers\QuizController.php(59): App\Models\QuizModel->getQuiz(2)
 3 SYSTEMPATH\CodeIgniter.php(941): App\Controllers\QuizController->put()
 4 SYSTEMPATH\CodeIgniter.php(502): CodeIgniter\CodeIgniter->runController(Object(App\Controllers\QuizController))
 5 SYSTEMPATH\CodeIgniter.php(361): CodeIgniter\CodeIgniter->handleRequest(null, Object(Config\Cache), false)
 6 FCPATH\index.php(79): CodeIgniter\CodeIgniter->run()
CRITICAL - 2024-04-01 13:13:22 --> Error: Call to undefined method CodeIgniter\Database\MySQLi\Connection::where()
in APPPATH\Models\QuizModel.php on line 45.
 1 APPPATH\Controllers\QuizController.php(57): App\Models\QuizModel->put([...])
 2 SYSTEMPATH\CodeIgniter.php(941): App\Controllers\QuizController->put()
 3 SYSTEMPATH\CodeIgniter.php(502): CodeIgniter\CodeIgniter->runController(Object(App\Controllers\QuizController))
 4 SYSTEMPATH\CodeIgniter.php(361): CodeIgniter\CodeIgniter->handleRequest(null, Object(Config\Cache), false)
 5 FCPATH\index.php(79): CodeIgniter\CodeIgniter->run()
CRITICAL - 2024-04-01 13:14:35 --> ErrorException: Undefined variable $id
in APPPATH\Models\QuizModel.php on line 45.
 1 APPPATH\Models\QuizModel.php(45): CodeIgniter\Debug\Exceptions->errorHandler(2, 'Undefined variable $id', 'C:\\xampp\\htdocs\\webService\\app\\Models\\QuizModel.php', 45)
 2 APPPATH\Controllers\QuizController.php(57): App\Models\QuizModel->put([...])
 3 SYSTEMPATH\CodeIgniter.php(941): App\Controllers\QuizController->put()
 4 SYSTEMPATH\CodeIgniter.php(502): CodeIgniter\CodeIgniter->runController(Object(App\Controllers\QuizController))
 5 SYSTEMPATH\CodeIgniter.php(361): CodeIgniter\CodeIgniter->handleRequest(null, Object(Config\Cache), false)
 6 FCPATH\index.php(79): CodeIgniter\CodeIgniter->run()
CRITICAL - 2024-04-01 13:18:18 --> ErrorException: Undefined array key "id_quiz"
in APPPATH\Models\QuizModel.php on line 44.
 1 APPPATH\Models\QuizModel.php(44): CodeIgniter\Debug\Exceptions->errorHandler(2, 'Undefined array key "id_quiz"', 'C:\\xampp\\htdocs\\webService\\app\\Models\\QuizModel.php', 44)
 2 APPPATH\Controllers\QuizController.php(57): App\Models\QuizModel->put([...])
 3 SYSTEMPATH\CodeIgniter.php(941): App\Controllers\QuizController->put()
 4 SYSTEMPATH\CodeIgniter.php(502): CodeIgniter\CodeIgniter->runController(Object(App\Controllers\QuizController))
 5 SYSTEMPATH\CodeIgniter.php(361): CodeIgniter\CodeIgniter->handleRequest(null, Object(Config\Cache), false)
 6 FCPATH\index.php(79): CodeIgniter\CodeIgniter->run()
CRITICAL - 2024-04-01 13:19:11 --> ErrorException: Undefined variable $quiz
in APPPATH\Models\DomandaModel.php on line 41.
 1 APPPATH\Models\DomandaModel.php(41): CodeIgniter\Debug\Exceptions->errorHandler(2, 'Undefined variable $quiz', 'C:\\xampp\\htdocs\\webService\\app\\Models\\DomandaModel.php', 41)
 2 APPPATH\Controllers\DomandaController.php(58): App\Models\DomandaModel->put([...])
 3 SYSTEMPATH\CodeIgniter.php(941): App\Controllers\DomandaController->put()
 4 SYSTEMPATH\CodeIgniter.php(502): CodeIgniter\CodeIgniter->runController(Object(App\Controllers\DomandaController))
 5 SYSTEMPATH\CodeIgniter.php(361): CodeIgniter\CodeIgniter->handleRequest(null, Object(Config\Cache), false)
 6 FCPATH\index.php(79): CodeIgniter\CodeIgniter->run()
ERROR - 2024-04-01 13:19:40 --> mysqli_sql_exception: Table 'api_quiz.domanda' doesn't exist in C:\xampp\htdocs\webService\system\Database\MySQLi\Connection.php:306
Stack trace:
#0 C:\xampp\htdocs\webService\system\Database\MySQLi\Connection.php(306): mysqli->query('SELECT *\nFROM `...', 0)
#1 C:\xampp\htdocs\webService\system\Database\BaseConnection.php(693): CodeIgniter\Database\MySQLi\Connection->execute('SELECT *\nFROM `...')
#2 C:\xampp\htdocs\webService\system\Database\BaseConnection.php(607): CodeIgniter\Database\BaseConnection->simpleQuery('SELECT *\nFROM `...')
#3 C:\xampp\htdocs\webService\system\Database\BaseBuilder.php(1616): CodeIgniter\Database\BaseConnection->query('SELECT *\nFROM `...', Array, false)
#4 C:\xampp\htdocs\webService\app\Models\DomandaModel.php(42): CodeIgniter\Database\BaseBuilder->get()
#5 C:\xampp\htdocs\webService\app\Controllers\DomandaController.php(58): App\Models\DomandaModel->put(Array)
#6 C:\xampp\htdocs\webService\system\CodeIgniter.php(941): App\Controllers\DomandaController->put()
#7 C:\xampp\htdocs\webService\system\CodeIgniter.php(502): CodeIgniter\CodeIgniter->runController(Object(App\Controllers\DomandaController))
#8 C:\xampp\htdocs\webService\system\CodeIgniter.php(361): CodeIgniter\CodeIgniter->handleRequest(NULL, Object(Config\Cache), false)
#9 C:\xampp\htdocs\webService\public\index.php(79): CodeIgniter\CodeIgniter->run()
#10 {main}
CRITICAL - 2024-04-01 13:19:40 --> CodeIgniter\Database\Exceptions\DatabaseException: Table 'api_quiz.domanda' doesn't exist
in SYSTEMPATH\Database\BaseConnection.php on line 647.
 1 SYSTEMPATH\Database\BaseBuilder.php(1616): CodeIgniter\Database\BaseConnection->query('SELECT *
FROM `domanda`
WHERE `id_domanda` = :id_domanda:', [...], false)
 2 APPPATH\Models\DomandaModel.php(42): CodeIgniter\Database\BaseBuilder->get()
 3 APPPATH\Controllers\DomandaController.php(58): App\Models\DomandaModel->put([...])
 4 SYSTEMPATH\CodeIgniter.php(941): App\Controllers\DomandaController->put()
 5 SYSTEMPATH\CodeIgniter.php(502): CodeIgniter\CodeIgniter->runController(Object(App\Controllers\DomandaController))
 6 SYSTEMPATH\CodeIgniter.php(361): CodeIgniter\CodeIgniter->handleRequest(null, Object(Config\Cache), false)
 7 FCPATH\index.php(79): CodeIgniter\CodeIgniter->run()
CRITICAL - 2024-04-01 13:19:40 --> [Caused by] CodeIgniter\Database\Exceptions\DatabaseException: Table 'api_quiz.domanda' doesn't exist
in SYSTEMPATH\Database\MySQLi\Connection.php on line 311.
 1 SYSTEMPATH\Database\BaseConnection.php(693): CodeIgniter\Database\MySQLi\Connection->execute('SELECT *
FROM `domanda`
WHERE `id_domanda` = \'15\'')
 2 SYSTEMPATH\Database\BaseConnection.php(607): CodeIgniter\Database\BaseConnection->simpleQuery('SELECT *
FROM `domanda`
WHERE `id_domanda` = \'15\'')
 3 SYSTEMPATH\Database\BaseBuilder.php(1616): CodeIgniter\Database\BaseConnection->query('SELECT *
FROM `domanda`
WHERE `id_domanda` = :id_domanda:', [...], false)
 4 APPPATH\Models\DomandaModel.php(42): CodeIgniter\Database\BaseBuilder->get()
 5 APPPATH\Controllers\DomandaController.php(58): App\Models\DomandaModel->put([...])
 6 SYSTEMPATH\CodeIgniter.php(941): App\Controllers\DomandaController->put()
 7 SYSTEMPATH\CodeIgniter.php(502): CodeIgniter\CodeIgniter->runController(Object(App\Controllers\DomandaController))
 8 SYSTEMPATH\CodeIgniter.php(361): CodeIgniter\CodeIgniter->handleRequest(null, Object(Config\Cache), false)
 9 FCPATH\index.php(79): CodeIgniter\CodeIgniter->run()
CRITICAL - 2024-04-01 13:19:40 --> [Caused by] mysqli_sql_exception: Table 'api_quiz.domanda' doesn't exist
in SYSTEMPATH\Database\MySQLi\Connection.php on line 306.
 1 SYSTEMPATH\Database\MySQLi\Connection.php(306): mysqli->query('SELECT *
FROM `domanda`
WHERE `id_domanda` = \'15\'', 0)
 2 SYSTEMPATH\Database\BaseConnection.php(693): CodeIgniter\Database\MySQLi\Connection->execute('SELECT *
FROM `domanda`
WHERE `id_domanda` = \'15\'')
 3 SYSTEMPATH\Database\BaseConnection.php(607): CodeIgniter\Database\BaseConnection->simpleQuery('SELECT *
FROM `domanda`
WHERE `id_domanda` = \'15\'')
 4 SYSTEMPATH\Database\BaseBuilder.php(1616): CodeIgniter\Database\BaseConnection->query('SELECT *
FROM `domanda`
WHERE `id_domanda` = :id_domanda:', [...], false)
 5 APPPATH\Models\DomandaModel.php(42): CodeIgniter\Database\BaseBuilder->get()
 6 APPPATH\Controllers\DomandaController.php(58): App\Models\DomandaModel->put([...])
 7 SYSTEMPATH\CodeIgniter.php(941): App\Controllers\DomandaController->put()
 8 SYSTEMPATH\CodeIgniter.php(502): CodeIgniter\CodeIgniter->runController(Object(App\Controllers\DomandaController))
 9 SYSTEMPATH\CodeIgniter.php(361): CodeIgniter\CodeIgniter->handleRequest(null, Object(Config\Cache), false)
10 FCPATH\index.php(79): CodeIgniter\CodeIgniter->run()
CRITICAL - 2024-04-01 13:23:44 --> ErrorException: Undefined variable $rispostaModel
in APPPATH\Controllers\RispostaController.php on line 44.
 1 APPPATH\Controllers\RispostaController.php(44): CodeIgniter\Debug\Exceptions->errorHandler(2, 'Undefined variable $rispostaModel', 'C:\\xampp\\htdocs\\webService\\app\\Controllers\\RispostaController.php', 44)
 2 SYSTEMPATH\CodeIgniter.php(941): App\Controllers\RispostaController->put()
 3 SYSTEMPATH\CodeIgniter.php(502): CodeIgniter\CodeIgniter->runController(Object(App\Controllers\RispostaController))
 4 SYSTEMPATH\CodeIgniter.php(361): CodeIgniter\CodeIgniter->handleRequest(null, Object(Config\Cache), false)
 5 FCPATH\index.php(79): CodeIgniter\CodeIgniter->run()
