ERROR - 2024-04-23 17:30:04 --> mysqli_sql_exception: Cannot add or update a child row: a foreign key constraint fails (`baroniadelaide_apiquiz`.`domande`, CONSTRAINT `domande_ibfk_1` FOREIGN KEY (`id_quiz`) REFERENCES `quiz` (`id_quiz`) ON DELETE CASCADE ON UPDATE CASCADE) in C:\xampp\htdocs\webService-2\system\Database\MySQLi\Connection.php:306
Stack trace:
#0 C:\xampp\htdocs\webService-2\system\Database\MySQLi\Connection.php(306): mysqli->query('INSERT INTO `do...', 0)
#1 C:\xampp\htdocs\webService-2\system\Database\BaseConnection.php(693): CodeIgniter\Database\MySQLi\Connection->execute('INSERT INTO `do...')
#2 C:\xampp\htdocs\webService-2\system\Database\BaseConnection.php(607): CodeIgniter\Database\BaseConnection->simpleQuery('INSERT INTO `do...')
#3 C:\xampp\htdocs\webService-2\system\Database\BaseBuilder.php(2307): CodeIgniter\Database\BaseConnection->query('INSERT INTO `do...', Array, false)
#4 C:\xampp\htdocs\webService-2\app\Models\DomandaModel.php(30): CodeIgniter\Database\BaseBuilder->insert(Array)
#5 C:\xampp\htdocs\webService-2\app\Controllers\QuizController.php(43): App\Models\DomandaModel->create(Array)
#6 C:\xampp\htdocs\webService-2\system\CodeIgniter.php(941): App\Controllers\QuizController->create()
#7 C:\xampp\htdocs\webService-2\system\CodeIgniter.php(502): CodeIgniter\CodeIgniter->runController(Object(App\Controllers\QuizController))
#8 C:\xampp\htdocs\webService-2\system\CodeIgniter.php(361): CodeIgniter\CodeIgniter->handleRequest(NULL, Object(Config\Cache), false)
#9 C:\xampp\htdocs\webService-2\public\index.php(79): CodeIgniter\CodeIgniter->run()
#10 {main}
CRITICAL - 2024-04-23 17:30:04 --> CodeIgniter\Database\Exceptions\DatabaseException: Cannot add or update a child row: a foreign key constraint fails (`baroniadelaide_apiquiz`.`domande`, CONSTRAINT `domande_ibfk_1` FOREIGN KEY (`id_quiz`) REFERENCES `quiz` (`id_quiz`) ON DELETE CASCADE ON UPDATE CASCADE)
in SYSTEMPATH\Database\BaseConnection.php on line 647.
 1 SYSTEMPATH\Database\BaseBuilder.php(2307): CodeIgniter\Database\BaseConnection->query('INSERT INTO `domande` (`domanda`, `punti`) VALUES (:domanda:, :punti:)', [...], false)
 2 APPPATH\Models\DomandaModel.php(30): CodeIgniter\Database\BaseBuilder->insert([...])
 3 APPPATH\Controllers\QuizController.php(43): App\Models\DomandaModel->create([...])
 4 SYSTEMPATH\CodeIgniter.php(941): App\Controllers\QuizController->create()
 5 SYSTEMPATH\CodeIgniter.php(502): CodeIgniter\CodeIgniter->runController(Object(App\Controllers\QuizController))
 6 SYSTEMPATH\CodeIgniter.php(361): CodeIgniter\CodeIgniter->handleRequest(null, Object(Config\Cache), false)
 7 FCPATH\index.php(79): CodeIgniter\CodeIgniter->run()
CRITICAL - 2024-04-23 17:30:04 --> [Caused by] CodeIgniter\Database\Exceptions\DatabaseException: Cannot add or update a child row: a foreign key constraint fails (`baroniadelaide_apiquiz`.`domande`, CONSTRAINT `domande_ibfk_1` FOREIGN KEY (`id_quiz`) REFERENCES `quiz` (`id_quiz`) ON DELETE CASCADE ON UPDATE CASCADE)
in SYSTEMPATH\Database\MySQLi\Connection.php on line 311.
 1 SYSTEMPATH\Database\BaseConnection.php(693): CodeIgniter\Database\MySQLi\Connection->execute('INSERT INTO `domande` (`domanda`, `punti`) VALUES (\'test1\', \'5\')')
 2 SYSTEMPATH\Database\BaseConnection.php(607): CodeIgniter\Database\BaseConnection->simpleQuery('INSERT INTO `domande` (`domanda`, `punti`) VALUES (\'test1\', \'5\')')
 3 SYSTEMPATH\Database\BaseBuilder.php(2307): CodeIgniter\Database\BaseConnection->query('INSERT INTO `domande` (`domanda`, `punti`) VALUES (:domanda:, :punti:)', [...], false)
 4 APPPATH\Models\DomandaModel.php(30): CodeIgniter\Database\BaseBuilder->insert([...])
 5 APPPATH\Controllers\QuizController.php(43): App\Models\DomandaModel->create([...])
 6 SYSTEMPATH\CodeIgniter.php(941): App\Controllers\QuizController->create()
 7 SYSTEMPATH\CodeIgniter.php(502): CodeIgniter\CodeIgniter->runController(Object(App\Controllers\QuizController))
 8 SYSTEMPATH\CodeIgniter.php(361): CodeIgniter\CodeIgniter->handleRequest(null, Object(Config\Cache), false)
 9 FCPATH\index.php(79): CodeIgniter\CodeIgniter->run()
CRITICAL - 2024-04-23 17:30:04 --> [Caused by] mysqli_sql_exception: Cannot add or update a child row: a foreign key constraint fails (`baroniadelaide_apiquiz`.`domande`, CONSTRAINT `domande_ibfk_1` FOREIGN KEY (`id_quiz`) REFERENCES `quiz` (`id_quiz`) ON DELETE CASCADE ON UPDATE CASCADE)
in SYSTEMPATH\Database\MySQLi\Connection.php on line 306.
 1 SYSTEMPATH\Database\MySQLi\Connection.php(306): mysqli->query('INSERT INTO `domande` (`domanda`, `punti`) VALUES (\'test1\', \'5\')', 0)
 2 SYSTEMPATH\Database\BaseConnection.php(693): CodeIgniter\Database\MySQLi\Connection->execute('INSERT INTO `domande` (`domanda`, `punti`) VALUES (\'test1\', \'5\')')
 3 SYSTEMPATH\Database\BaseConnection.php(607): CodeIgniter\Database\BaseConnection->simpleQuery('INSERT INTO `domande` (`domanda`, `punti`) VALUES (\'test1\', \'5\')')
 4 SYSTEMPATH\Database\BaseBuilder.php(2307): CodeIgniter\Database\BaseConnection->query('INSERT INTO `domande` (`domanda`, `punti`) VALUES (:domanda:, :punti:)', [...], false)
 5 APPPATH\Models\DomandaModel.php(30): CodeIgniter\Database\BaseBuilder->insert([...])
 6 APPPATH\Controllers\QuizController.php(43): App\Models\DomandaModel->create([...])
 7 SYSTEMPATH\CodeIgniter.php(941): App\Controllers\QuizController->create()
 8 SYSTEMPATH\CodeIgniter.php(502): CodeIgniter\CodeIgniter->runController(Object(App\Controllers\QuizController))
 9 SYSTEMPATH\CodeIgniter.php(361): CodeIgniter\CodeIgniter->handleRequest(null, Object(Config\Cache), false)
10 FCPATH\index.php(79): CodeIgniter\CodeIgniter->run()
CRITICAL - 2024-04-23 17:37:04 --> ErrorException: Undefined array key "id_quiz"
in APPPATH\Models\QuizModel.php on line 40.
 1 APPPATH\Models\QuizModel.php(40): CodeIgniter\Debug\Exceptions->errorHandler(2, 'Undefined array key "id_quiz"', 'C:\\xampp\\htdocs\\webService-2\\app\\Models\\QuizModel.php', 40)
 2 APPPATH\Controllers\QuizController.php(66): App\Models\QuizModel->put([...])
 3 SYSTEMPATH\CodeIgniter.php(941): App\Controllers\QuizController->put()
 4 SYSTEMPATH\CodeIgniter.php(502): CodeIgniter\CodeIgniter->runController(Object(App\Controllers\QuizController))
 5 SYSTEMPATH\CodeIgniter.php(361): CodeIgniter\CodeIgniter->handleRequest(null, Object(Config\Cache), false)
 6 FCPATH\index.php(79): CodeIgniter\CodeIgniter->run()
ERROR - 2024-04-23 17:38:01 --> mysqli_sql_exception: Cannot add or update a child row: a foreign key constraint fails (`baroniadelaide_apiquiz`.`domande`, CONSTRAINT `domande_ibfk_1` FOREIGN KEY (`id_quiz`) REFERENCES `quiz` (`id_quiz`) ON DELETE CASCADE ON UPDATE CASCADE) in C:\xampp\htdocs\webService-2\system\Database\MySQLi\Connection.php:306
Stack trace:
#0 C:\xampp\htdocs\webService-2\system\Database\MySQLi\Connection.php(306): mysqli->query('INSERT INTO `do...', 0)
#1 C:\xampp\htdocs\webService-2\system\Database\BaseConnection.php(693): CodeIgniter\Database\MySQLi\Connection->execute('INSERT INTO `do...')
#2 C:\xampp\htdocs\webService-2\system\Database\BaseConnection.php(607): CodeIgniter\Database\BaseConnection->simpleQuery('INSERT INTO `do...')
#3 C:\xampp\htdocs\webService-2\system\Database\BaseBuilder.php(2307): CodeIgniter\Database\BaseConnection->query('INSERT INTO `do...', Array, false)
#4 C:\xampp\htdocs\webService-2\app\Models\DomandaModel.php(36): CodeIgniter\Database\BaseBuilder->insert(Array)
#5 C:\xampp\htdocs\webService-2\app\Controllers\QuizController.php(46): App\Models\DomandaModel->create(Array)
#6 C:\xampp\htdocs\webService-2\system\CodeIgniter.php(941): App\Controllers\QuizController->create()
#7 C:\xampp\htdocs\webService-2\system\CodeIgniter.php(502): CodeIgniter\CodeIgniter->runController(Object(App\Controllers\QuizController))
#8 C:\xampp\htdocs\webService-2\system\CodeIgniter.php(361): CodeIgniter\CodeIgniter->handleRequest(NULL, Object(Config\Cache), false)
#9 C:\xampp\htdocs\webService-2\public\index.php(79): CodeIgniter\CodeIgniter->run()
#10 {main}
CRITICAL - 2024-04-23 17:38:01 --> CodeIgniter\Database\Exceptions\DatabaseException: Cannot add or update a child row: a foreign key constraint fails (`baroniadelaide_apiquiz`.`domande`, CONSTRAINT `domande_ibfk_1` FOREIGN KEY (`id_quiz`) REFERENCES `quiz` (`id_quiz`) ON DELETE CASCADE ON UPDATE CASCADE)
in SYSTEMPATH\Database\BaseConnection.php on line 647.
 1 SYSTEMPATH\Database\BaseBuilder.php(2307): CodeIgniter\Database\BaseConnection->query('INSERT INTO `domande` (`domanda`, `punti`) VALUES (:domanda:, :punti:)', [...], false)
 2 APPPATH\Models\DomandaModel.php(36): CodeIgniter\Database\BaseBuilder->insert([...])
 3 APPPATH\Controllers\QuizController.php(46): App\Models\DomandaModel->create([...])
 4 SYSTEMPATH\CodeIgniter.php(941): App\Controllers\QuizController->create()
 5 SYSTEMPATH\CodeIgniter.php(502): CodeIgniter\CodeIgniter->runController(Object(App\Controllers\QuizController))
 6 SYSTEMPATH\CodeIgniter.php(361): CodeIgniter\CodeIgniter->handleRequest(null, Object(Config\Cache), false)
 7 FCPATH\index.php(79): CodeIgniter\CodeIgniter->run()
CRITICAL - 2024-04-23 17:38:01 --> [Caused by] CodeIgniter\Database\Exceptions\DatabaseException: Cannot add or update a child row: a foreign key constraint fails (`baroniadelaide_apiquiz`.`domande`, CONSTRAINT `domande_ibfk_1` FOREIGN KEY (`id_quiz`) REFERENCES `quiz` (`id_quiz`) ON DELETE CASCADE ON UPDATE CASCADE)
in SYSTEMPATH\Database\MySQLi\Connection.php on line 311.
 1 SYSTEMPATH\Database\BaseConnection.php(693): CodeIgniter\Database\MySQLi\Connection->execute('INSERT INTO `domande` (`domanda`, `punti`) VALUES (\'test1\', \'5\')')
 2 SYSTEMPATH\Database\BaseConnection.php(607): CodeIgniter\Database\BaseConnection->simpleQuery('INSERT INTO `domande` (`domanda`, `punti`) VALUES (\'test1\', \'5\')')
 3 SYSTEMPATH\Database\BaseBuilder.php(2307): CodeIgniter\Database\BaseConnection->query('INSERT INTO `domande` (`domanda`, `punti`) VALUES (:domanda:, :punti:)', [...], false)
 4 APPPATH\Models\DomandaModel.php(36): CodeIgniter\Database\BaseBuilder->insert([...])
 5 APPPATH\Controllers\QuizController.php(46): App\Models\DomandaModel->create([...])
 6 SYSTEMPATH\CodeIgniter.php(941): App\Controllers\QuizController->create()
 7 SYSTEMPATH\CodeIgniter.php(502): CodeIgniter\CodeIgniter->runController(Object(App\Controllers\QuizController))
 8 SYSTEMPATH\CodeIgniter.php(361): CodeIgniter\CodeIgniter->handleRequest(null, Object(Config\Cache), false)
 9 FCPATH\index.php(79): CodeIgniter\CodeIgniter->run()
CRITICAL - 2024-04-23 17:38:01 --> [Caused by] mysqli_sql_exception: Cannot add or update a child row: a foreign key constraint fails (`baroniadelaide_apiquiz`.`domande`, CONSTRAINT `domande_ibfk_1` FOREIGN KEY (`id_quiz`) REFERENCES `quiz` (`id_quiz`) ON DELETE CASCADE ON UPDATE CASCADE)
in SYSTEMPATH\Database\MySQLi\Connection.php on line 306.
 1 SYSTEMPATH\Database\MySQLi\Connection.php(306): mysqli->query('INSERT INTO `domande` (`domanda`, `punti`) VALUES (\'test1\', \'5\')', 0)
 2 SYSTEMPATH\Database\BaseConnection.php(693): CodeIgniter\Database\MySQLi\Connection->execute('INSERT INTO `domande` (`domanda`, `punti`) VALUES (\'test1\', \'5\')')
 3 SYSTEMPATH\Database\BaseConnection.php(607): CodeIgniter\Database\BaseConnection->simpleQuery('INSERT INTO `domande` (`domanda`, `punti`) VALUES (\'test1\', \'5\')')
 4 SYSTEMPATH\Database\BaseBuilder.php(2307): CodeIgniter\Database\BaseConnection->query('INSERT INTO `domande` (`domanda`, `punti`) VALUES (:domanda:, :punti:)', [...], false)
 5 APPPATH\Models\DomandaModel.php(36): CodeIgniter\Database\BaseBuilder->insert([...])
 6 APPPATH\Controllers\QuizController.php(46): App\Models\DomandaModel->create([...])
 7 SYSTEMPATH\CodeIgniter.php(941): App\Controllers\QuizController->create()
 8 SYSTEMPATH\CodeIgniter.php(502): CodeIgniter\CodeIgniter->runController(Object(App\Controllers\QuizController))
 9 SYSTEMPATH\CodeIgniter.php(361): CodeIgniter\CodeIgniter->handleRequest(null, Object(Config\Cache), false)
10 FCPATH\index.php(79): CodeIgniter\CodeIgniter->run()
ERROR - 2024-04-23 17:39:02 --> mysqli_sql_exception: Cannot add or update a child row: a foreign key constraint fails (`baroniadelaide_apiquiz`.`domande`, CONSTRAINT `domande_ibfk_1` FOREIGN KEY (`id_quiz`) REFERENCES `quiz` (`id_quiz`) ON DELETE CASCADE ON UPDATE CASCADE) in C:\xampp\htdocs\webService-2\system\Database\MySQLi\Connection.php:306
Stack trace:
#0 C:\xampp\htdocs\webService-2\system\Database\MySQLi\Connection.php(306): mysqli->query('INSERT INTO `do...', 0)
#1 C:\xampp\htdocs\webService-2\system\Database\BaseConnection.php(693): CodeIgniter\Database\MySQLi\Connection->execute('INSERT INTO `do...')
#2 C:\xampp\htdocs\webService-2\system\Database\BaseConnection.php(607): CodeIgniter\Database\BaseConnection->simpleQuery('INSERT INTO `do...')
#3 C:\xampp\htdocs\webService-2\system\Database\BaseBuilder.php(2307): CodeIgniter\Database\BaseConnection->query('INSERT INTO `do...', Array, false)
#4 C:\xampp\htdocs\webService-2\app\Models\DomandaModel.php(36): CodeIgniter\Database\BaseBuilder->insert(Array)
#5 C:\xampp\htdocs\webService-2\app\Controllers\QuizController.php(46): App\Models\DomandaModel->create(Array)
#6 C:\xampp\htdocs\webService-2\system\CodeIgniter.php(941): App\Controllers\QuizController->create()
#7 C:\xampp\htdocs\webService-2\system\CodeIgniter.php(502): CodeIgniter\CodeIgniter->runController(Object(App\Controllers\QuizController))
#8 C:\xampp\htdocs\webService-2\system\CodeIgniter.php(361): CodeIgniter\CodeIgniter->handleRequest(NULL, Object(Config\Cache), false)
#9 C:\xampp\htdocs\webService-2\public\index.php(79): CodeIgniter\CodeIgniter->run()
#10 {main}
CRITICAL - 2024-04-23 17:39:02 --> CodeIgniter\Database\Exceptions\DatabaseException: Cannot add or update a child row: a foreign key constraint fails (`baroniadelaide_apiquiz`.`domande`, CONSTRAINT `domande_ibfk_1` FOREIGN KEY (`id_quiz`) REFERENCES `quiz` (`id_quiz`) ON DELETE CASCADE ON UPDATE CASCADE)
in SYSTEMPATH\Database\BaseConnection.php on line 647.
 1 SYSTEMPATH\Database\BaseBuilder.php(2307): CodeIgniter\Database\BaseConnection->query('INSERT INTO `domande` (`domanda`, `punti`) VALUES (:domanda:, :punti:)', [...], false)
 2 APPPATH\Models\DomandaModel.php(36): CodeIgniter\Database\BaseBuilder->insert([...])
 3 APPPATH\Controllers\QuizController.php(46): App\Models\DomandaModel->create([...])
 4 SYSTEMPATH\CodeIgniter.php(941): App\Controllers\QuizController->create()
 5 SYSTEMPATH\CodeIgniter.php(502): CodeIgniter\CodeIgniter->runController(Object(App\Controllers\QuizController))
 6 SYSTEMPATH\CodeIgniter.php(361): CodeIgniter\CodeIgniter->handleRequest(null, Object(Config\Cache), false)
 7 FCPATH\index.php(79): CodeIgniter\CodeIgniter->run()
CRITICAL - 2024-04-23 17:39:02 --> [Caused by] CodeIgniter\Database\Exceptions\DatabaseException: Cannot add or update a child row: a foreign key constraint fails (`baroniadelaide_apiquiz`.`domande`, CONSTRAINT `domande_ibfk_1` FOREIGN KEY (`id_quiz`) REFERENCES `quiz` (`id_quiz`) ON DELETE CASCADE ON UPDATE CASCADE)
in SYSTEMPATH\Database\MySQLi\Connection.php on line 311.
 1 SYSTEMPATH\Database\BaseConnection.php(693): CodeIgniter\Database\MySQLi\Connection->execute('INSERT INTO `domande` (`domanda`, `punti`) VALUES (\'test1\', \'5\')')
 2 SYSTEMPATH\Database\BaseConnection.php(607): CodeIgniter\Database\BaseConnection->simpleQuery('INSERT INTO `domande` (`domanda`, `punti`) VALUES (\'test1\', \'5\')')
 3 SYSTEMPATH\Database\BaseBuilder.php(2307): CodeIgniter\Database\BaseConnection->query('INSERT INTO `domande` (`domanda`, `punti`) VALUES (:domanda:, :punti:)', [...], false)
 4 APPPATH\Models\DomandaModel.php(36): CodeIgniter\Database\BaseBuilder->insert([...])
 5 APPPATH\Controllers\QuizController.php(46): App\Models\DomandaModel->create([...])
 6 SYSTEMPATH\CodeIgniter.php(941): App\Controllers\QuizController->create()
 7 SYSTEMPATH\CodeIgniter.php(502): CodeIgniter\CodeIgniter->runController(Object(App\Controllers\QuizController))
 8 SYSTEMPATH\CodeIgniter.php(361): CodeIgniter\CodeIgniter->handleRequest(null, Object(Config\Cache), false)
 9 FCPATH\index.php(79): CodeIgniter\CodeIgniter->run()
CRITICAL - 2024-04-23 17:39:02 --> [Caused by] mysqli_sql_exception: Cannot add or update a child row: a foreign key constraint fails (`baroniadelaide_apiquiz`.`domande`, CONSTRAINT `domande_ibfk_1` FOREIGN KEY (`id_quiz`) REFERENCES `quiz` (`id_quiz`) ON DELETE CASCADE ON UPDATE CASCADE)
in SYSTEMPATH\Database\MySQLi\Connection.php on line 306.
 1 SYSTEMPATH\Database\MySQLi\Connection.php(306): mysqli->query('INSERT INTO `domande` (`domanda`, `punti`) VALUES (\'test1\', \'5\')', 0)
 2 SYSTEMPATH\Database\BaseConnection.php(693): CodeIgniter\Database\MySQLi\Connection->execute('INSERT INTO `domande` (`domanda`, `punti`) VALUES (\'test1\', \'5\')')
 3 SYSTEMPATH\Database\BaseConnection.php(607): CodeIgniter\Database\BaseConnection->simpleQuery('INSERT INTO `domande` (`domanda`, `punti`) VALUES (\'test1\', \'5\')')
 4 SYSTEMPATH\Database\BaseBuilder.php(2307): CodeIgniter\Database\BaseConnection->query('INSERT INTO `domande` (`domanda`, `punti`) VALUES (:domanda:, :punti:)', [...], false)
 5 APPPATH\Models\DomandaModel.php(36): CodeIgniter\Database\BaseBuilder->insert([...])
 6 APPPATH\Controllers\QuizController.php(46): App\Models\DomandaModel->create([...])
 7 SYSTEMPATH\CodeIgniter.php(941): App\Controllers\QuizController->create()
 8 SYSTEMPATH\CodeIgniter.php(502): CodeIgniter\CodeIgniter->runController(Object(App\Controllers\QuizController))
 9 SYSTEMPATH\CodeIgniter.php(361): CodeIgniter\CodeIgniter->handleRequest(null, Object(Config\Cache), false)
10 FCPATH\index.php(79): CodeIgniter\CodeIgniter->run()
ERROR - 2024-04-23 17:39:47 --> mysqli_sql_exception: Cannot add or update a child row: a foreign key constraint fails (`baroniadelaide_apiquiz`.`domande`, CONSTRAINT `domande_ibfk_1` FOREIGN KEY (`id_quiz`) REFERENCES `quiz` (`id_quiz`) ON DELETE CASCADE ON UPDATE CASCADE) in C:\xampp\htdocs\webService-2\system\Database\MySQLi\Connection.php:306
Stack trace:
#0 C:\xampp\htdocs\webService-2\system\Database\MySQLi\Connection.php(306): mysqli->query('INSERT INTO `do...', 0)
#1 C:\xampp\htdocs\webService-2\system\Database\BaseConnection.php(693): CodeIgniter\Database\MySQLi\Connection->execute('INSERT INTO `do...')
#2 C:\xampp\htdocs\webService-2\system\Database\BaseConnection.php(607): CodeIgniter\Database\BaseConnection->simpleQuery('INSERT INTO `do...')
#3 C:\xampp\htdocs\webService-2\system\Database\BaseBuilder.php(2307): CodeIgniter\Database\BaseConnection->query('INSERT INTO `do...', Array, false)
#4 C:\xampp\htdocs\webService-2\app\Models\DomandaModel.php(36): CodeIgniter\Database\BaseBuilder->insert(Array)
#5 C:\xampp\htdocs\webService-2\app\Controllers\QuizController.php(46): App\Models\DomandaModel->create(Array)
#6 C:\xampp\htdocs\webService-2\system\CodeIgniter.php(941): App\Controllers\QuizController->create()
#7 C:\xampp\htdocs\webService-2\system\CodeIgniter.php(502): CodeIgniter\CodeIgniter->runController(Object(App\Controllers\QuizController))
#8 C:\xampp\htdocs\webService-2\system\CodeIgniter.php(361): CodeIgniter\CodeIgniter->handleRequest(NULL, Object(Config\Cache), false)
#9 C:\xampp\htdocs\webService-2\public\index.php(79): CodeIgniter\CodeIgniter->run()
#10 {main}
CRITICAL - 2024-04-23 17:39:47 --> CodeIgniter\Database\Exceptions\DatabaseException: Cannot add or update a child row: a foreign key constraint fails (`baroniadelaide_apiquiz`.`domande`, CONSTRAINT `domande_ibfk_1` FOREIGN KEY (`id_quiz`) REFERENCES `quiz` (`id_quiz`) ON DELETE CASCADE ON UPDATE CASCADE)
in SYSTEMPATH\Database\BaseConnection.php on line 647.
 1 SYSTEMPATH\Database\BaseBuilder.php(2307): CodeIgniter\Database\BaseConnection->query('INSERT INTO `domande` (`domanda`, `punti`) VALUES (:domanda:, :punti:)', [...], false)
 2 APPPATH\Models\DomandaModel.php(36): CodeIgniter\Database\BaseBuilder->insert([...])
 3 APPPATH\Controllers\QuizController.php(46): App\Models\DomandaModel->create([...])
 4 SYSTEMPATH\CodeIgniter.php(941): App\Controllers\QuizController->create()
 5 SYSTEMPATH\CodeIgniter.php(502): CodeIgniter\CodeIgniter->runController(Object(App\Controllers\QuizController))
 6 SYSTEMPATH\CodeIgniter.php(361): CodeIgniter\CodeIgniter->handleRequest(null, Object(Config\Cache), false)
 7 FCPATH\index.php(79): CodeIgniter\CodeIgniter->run()
CRITICAL - 2024-04-23 17:39:47 --> [Caused by] CodeIgniter\Database\Exceptions\DatabaseException: Cannot add or update a child row: a foreign key constraint fails (`baroniadelaide_apiquiz`.`domande`, CONSTRAINT `domande_ibfk_1` FOREIGN KEY (`id_quiz`) REFERENCES `quiz` (`id_quiz`) ON DELETE CASCADE ON UPDATE CASCADE)
in SYSTEMPATH\Database\MySQLi\Connection.php on line 311.
 1 SYSTEMPATH\Database\BaseConnection.php(693): CodeIgniter\Database\MySQLi\Connection->execute('INSERT INTO `domande` (`domanda`, `punti`) VALUES (\'test1\', \'5\')')
 2 SYSTEMPATH\Database\BaseConnection.php(607): CodeIgniter\Database\BaseConnection->simpleQuery('INSERT INTO `domande` (`domanda`, `punti`) VALUES (\'test1\', \'5\')')
 3 SYSTEMPATH\Database\BaseBuilder.php(2307): CodeIgniter\Database\BaseConnection->query('INSERT INTO `domande` (`domanda`, `punti`) VALUES (:domanda:, :punti:)', [...], false)
 4 APPPATH\Models\DomandaModel.php(36): CodeIgniter\Database\BaseBuilder->insert([...])
 5 APPPATH\Controllers\QuizController.php(46): App\Models\DomandaModel->create([...])
 6 SYSTEMPATH\CodeIgniter.php(941): App\Controllers\QuizController->create()
 7 SYSTEMPATH\CodeIgniter.php(502): CodeIgniter\CodeIgniter->runController(Object(App\Controllers\QuizController))
 8 SYSTEMPATH\CodeIgniter.php(361): CodeIgniter\CodeIgniter->handleRequest(null, Object(Config\Cache), false)
 9 FCPATH\index.php(79): CodeIgniter\CodeIgniter->run()
CRITICAL - 2024-04-23 17:39:47 --> [Caused by] mysqli_sql_exception: Cannot add or update a child row: a foreign key constraint fails (`baroniadelaide_apiquiz`.`domande`, CONSTRAINT `domande_ibfk_1` FOREIGN KEY (`id_quiz`) REFERENCES `quiz` (`id_quiz`) ON DELETE CASCADE ON UPDATE CASCADE)
in SYSTEMPATH\Database\MySQLi\Connection.php on line 306.
 1 SYSTEMPATH\Database\MySQLi\Connection.php(306): mysqli->query('INSERT INTO `domande` (`domanda`, `punti`) VALUES (\'test1\', \'5\')', 0)
 2 SYSTEMPATH\Database\BaseConnection.php(693): CodeIgniter\Database\MySQLi\Connection->execute('INSERT INTO `domande` (`domanda`, `punti`) VALUES (\'test1\', \'5\')')
 3 SYSTEMPATH\Database\BaseConnection.php(607): CodeIgniter\Database\BaseConnection->simpleQuery('INSERT INTO `domande` (`domanda`, `punti`) VALUES (\'test1\', \'5\')')
 4 SYSTEMPATH\Database\BaseBuilder.php(2307): CodeIgniter\Database\BaseConnection->query('INSERT INTO `domande` (`domanda`, `punti`) VALUES (:domanda:, :punti:)', [...], false)
 5 APPPATH\Models\DomandaModel.php(36): CodeIgniter\Database\BaseBuilder->insert([...])
 6 APPPATH\Controllers\QuizController.php(46): App\Models\DomandaModel->create([...])
 7 SYSTEMPATH\CodeIgniter.php(941): App\Controllers\QuizController->create()
 8 SYSTEMPATH\CodeIgniter.php(502): CodeIgniter\CodeIgniter->runController(Object(App\Controllers\QuizController))
 9 SYSTEMPATH\CodeIgniter.php(361): CodeIgniter\CodeIgniter->handleRequest(null, Object(Config\Cache), false)
10 FCPATH\index.php(79): CodeIgniter\CodeIgniter->run()
CRITICAL - 2024-04-23 17:43:17 --> TypeError: get_object_vars(): Argument #1 ($object) must be of type object, null given
in APPPATH\Controllers\DomandaController.php on line 35.
 1 APPPATH\Controllers\DomandaController.php(35): get_object_vars(null)
 2 SYSTEMPATH\CodeIgniter.php(941): App\Controllers\DomandaController->create()
 3 SYSTEMPATH\CodeIgniter.php(502): CodeIgniter\CodeIgniter->runController(Object(App\Controllers\DomandaController))
 4 SYSTEMPATH\CodeIgniter.php(361): CodeIgniter\CodeIgniter->handleRequest(null, Object(Config\Cache), false)
 5 FCPATH\index.php(79): CodeIgniter\CodeIgniter->run()
CRITICAL - 2024-04-23 17:45:01 --> TypeError: get_object_vars(): Argument #1 ($object) must be of type object, null given
in APPPATH\Controllers\DomandaController.php on line 35.
 1 APPPATH\Controllers\DomandaController.php(35): get_object_vars(null)
 2 SYSTEMPATH\CodeIgniter.php(941): App\Controllers\DomandaController->create()
 3 SYSTEMPATH\CodeIgniter.php(502): CodeIgniter\CodeIgniter->runController(Object(App\Controllers\DomandaController))
 4 SYSTEMPATH\CodeIgniter.php(361): CodeIgniter\CodeIgniter->handleRequest(null, Object(Config\Cache), false)
 5 FCPATH\index.php(79): CodeIgniter\CodeIgniter->run()
CRITICAL - 2024-04-23 17:46:23 --> TypeError: get_object_vars(): Argument #1 ($object) must be of type object, null given
in APPPATH\Controllers\DomandaController.php on line 35.
 1 APPPATH\Controllers\DomandaController.php(35): get_object_vars(null)
 2 SYSTEMPATH\CodeIgniter.php(941): App\Controllers\DomandaController->create()
 3 SYSTEMPATH\CodeIgniter.php(502): CodeIgniter\CodeIgniter->runController(Object(App\Controllers\DomandaController))
 4 SYSTEMPATH\CodeIgniter.php(361): CodeIgniter\CodeIgniter->handleRequest(null, Object(Config\Cache), false)
 5 FCPATH\index.php(79): CodeIgniter\CodeIgniter->run()
CRITICAL - 2024-04-23 17:46:57 --> TypeError: get_object_vars(): Argument #1 ($object) must be of type object, null given
in APPPATH\Controllers\DomandaController.php on line 35.
 1 APPPATH\Controllers\DomandaController.php(35): get_object_vars(null)
 2 SYSTEMPATH\CodeIgniter.php(941): App\Controllers\DomandaController->create()
 3 SYSTEMPATH\CodeIgniter.php(502): CodeIgniter\CodeIgniter->runController(Object(App\Controllers\DomandaController))
 4 SYSTEMPATH\CodeIgniter.php(361): CodeIgniter\CodeIgniter->handleRequest(null, Object(Config\Cache), false)
 5 FCPATH\index.php(79): CodeIgniter\CodeIgniter->run()
CRITICAL - 2024-04-23 17:47:34 --> ErrorException: Undefined variable $domanda
in APPPATH\Controllers\DomandaController.php on line 53.
 1 APPPATH\Controllers\DomandaController.php(53): CodeIgniter\Debug\Exceptions->errorHandler(2, 'Undefined variable $domanda', 'C:\\xampp\\htdocs\\webService-2\\app\\Controllers\\DomandaController.php', 53)
 2 SYSTEMPATH\CodeIgniter.php(941): App\Controllers\DomandaController->create()
 3 SYSTEMPATH\CodeIgniter.php(502): CodeIgniter\CodeIgniter->runController(Object(App\Controllers\DomandaController))
 4 SYSTEMPATH\CodeIgniter.php(361): CodeIgniter\CodeIgniter->handleRequest(null, Object(Config\Cache), false)
 5 FCPATH\index.php(79): CodeIgniter\CodeIgniter->run()
CRITICAL - 2024-04-23 17:48:16 --> ErrorException: Undefined variable $domanda
in APPPATH\Controllers\DomandaController.php on line 53.
 1 APPPATH\Controllers\DomandaController.php(53): CodeIgniter\Debug\Exceptions->errorHandler(2, 'Undefined variable $domanda', 'C:\\xampp\\htdocs\\webService-2\\app\\Controllers\\DomandaController.php', 53)
 2 SYSTEMPATH\CodeIgniter.php(941): App\Controllers\DomandaController->create()
 3 SYSTEMPATH\CodeIgniter.php(502): CodeIgniter\CodeIgniter->runController(Object(App\Controllers\DomandaController))
 4 SYSTEMPATH\CodeIgniter.php(361): CodeIgniter\CodeIgniter->handleRequest(null, Object(Config\Cache), false)
 5 FCPATH\index.php(79): CodeIgniter\CodeIgniter->run()
CRITICAL - 2024-04-23 17:49:05 --> TypeError: get_object_vars(): Argument #1 ($object) must be of type object, null given
in APPPATH\Controllers\DomandaController.php on line 35.
 1 APPPATH\Controllers\DomandaController.php(35): get_object_vars(null)
 2 SYSTEMPATH\CodeIgniter.php(941): App\Controllers\DomandaController->create()
 3 SYSTEMPATH\CodeIgniter.php(502): CodeIgniter\CodeIgniter->runController(Object(App\Controllers\DomandaController))
 4 SYSTEMPATH\CodeIgniter.php(361): CodeIgniter\CodeIgniter->handleRequest(null, Object(Config\Cache), false)
 5 FCPATH\index.php(79): CodeIgniter\CodeIgniter->run()
CRITICAL - 2024-04-23 17:49:32 --> TypeError: get_object_vars(): Argument #1 ($object) must be of type object, null given
in APPPATH\Controllers\DomandaController.php on line 35.
 1 APPPATH\Controllers\DomandaController.php(35): get_object_vars(null)
 2 SYSTEMPATH\CodeIgniter.php(941): App\Controllers\DomandaController->create()
 3 SYSTEMPATH\CodeIgniter.php(502): CodeIgniter\CodeIgniter->runController(Object(App\Controllers\DomandaController))
 4 SYSTEMPATH\CodeIgniter.php(361): CodeIgniter\CodeIgniter->handleRequest(null, Object(Config\Cache), false)
 5 FCPATH\index.php(79): CodeIgniter\CodeIgniter->run()
ERROR - 2024-04-23 17:51:54 --> mysqli_sql_exception: Cannot add or update a child row: a foreign key constraint fails (`baroniadelaide_apiquiz`.`risposte`, CONSTRAINT `risposte_ibfk_1` FOREIGN KEY (`id_domanda`) REFERENCES `domande` (`id_domanda`) ON DELETE CASCADE ON UPDATE CASCADE) in C:\xampp\htdocs\webService-2\system\Database\MySQLi\Connection.php:306
Stack trace:
#0 C:\xampp\htdocs\webService-2\system\Database\MySQLi\Connection.php(306): mysqli->query('INSERT INTO `ri...', 0)
#1 C:\xampp\htdocs\webService-2\system\Database\BaseConnection.php(693): CodeIgniter\Database\MySQLi\Connection->execute('INSERT INTO `ri...')
#2 C:\xampp\htdocs\webService-2\system\Database\BaseConnection.php(607): CodeIgniter\Database\BaseConnection->simpleQuery('INSERT INTO `ri...')
#3 C:\xampp\htdocs\webService-2\system\Database\BaseBuilder.php(2307): CodeIgniter\Database\BaseConnection->query('INSERT INTO `ri...', Array, false)
#4 C:\xampp\htdocs\webService-2\app\Models\RispostaModel.php(36): CodeIgniter\Database\BaseBuilder->insert(Array)
#5 C:\xampp\htdocs\webService-2\app\Controllers\DomandaController.php(43): App\Models\RispostaModel->create(Array)
#6 C:\xampp\htdocs\webService-2\system\CodeIgniter.php(941): App\Controllers\DomandaController->create()
#7 C:\xampp\htdocs\webService-2\system\CodeIgniter.php(502): CodeIgniter\CodeIgniter->runController(Object(App\Controllers\DomandaController))
#8 C:\xampp\htdocs\webService-2\system\CodeIgniter.php(361): CodeIgniter\CodeIgniter->handleRequest(NULL, Object(Config\Cache), false)
#9 C:\xampp\htdocs\webService-2\public\index.php(79): CodeIgniter\CodeIgniter->run()
#10 {main}
CRITICAL - 2024-04-23 17:51:54 --> CodeIgniter\Database\Exceptions\DatabaseException: Cannot add or update a child row: a foreign key constraint fails (`baroniadelaide_apiquiz`.`risposte`, CONSTRAINT `risposte_ibfk_1` FOREIGN KEY (`id_domanda`) REFERENCES `domande` (`id_domanda`) ON DELETE CASCADE ON UPDATE CASCADE)
in SYSTEMPATH\Database\BaseConnection.php on line 647.
 1 SYSTEMPATH\Database\BaseBuilder.php(2307): CodeIgniter\Database\BaseConnection->query('INSERT INTO `risposte` (`risposta`, `corretta`) VALUES (:risposta:, :corretta:)', [...], false)
 2 APPPATH\Models\RispostaModel.php(36): CodeIgniter\Database\BaseBuilder->insert([...])
 3 APPPATH\Controllers\DomandaController.php(43): App\Models\RispostaModel->create([...])
 4 SYSTEMPATH\CodeIgniter.php(941): App\Controllers\DomandaController->create()
 5 SYSTEMPATH\CodeIgniter.php(502): CodeIgniter\CodeIgniter->runController(Object(App\Controllers\DomandaController))
 6 SYSTEMPATH\CodeIgniter.php(361): CodeIgniter\CodeIgniter->handleRequest(null, Object(Config\Cache), false)
 7 FCPATH\index.php(79): CodeIgniter\CodeIgniter->run()
CRITICAL - 2024-04-23 17:51:54 --> [Caused by] CodeIgniter\Database\Exceptions\DatabaseException: Cannot add or update a child row: a foreign key constraint fails (`baroniadelaide_apiquiz`.`risposte`, CONSTRAINT `risposte_ibfk_1` FOREIGN KEY (`id_domanda`) REFERENCES `domande` (`id_domanda`) ON DELETE CASCADE ON UPDATE CASCADE)
in SYSTEMPATH\Database\MySQLi\Connection.php on line 311.
 1 SYSTEMPATH\Database\BaseConnection.php(693): CodeIgniter\Database\MySQLi\Connection->execute('INSERT INTO `risposte` (`risposta`, `corretta`) VALUES (\'test1\', \'0\')')
 2 SYSTEMPATH\Database\BaseConnection.php(607): CodeIgniter\Database\BaseConnection->simpleQuery('INSERT INTO `risposte` (`risposta`, `corretta`) VALUES (\'test1\', \'0\')')
 3 SYSTEMPATH\Database\BaseBuilder.php(2307): CodeIgniter\Database\BaseConnection->query('INSERT INTO `risposte` (`risposta`, `corretta`) VALUES (:risposta:, :corretta:)', [...], false)
 4 APPPATH\Models\RispostaModel.php(36): CodeIgniter\Database\BaseBuilder->insert([...])
 5 APPPATH\Controllers\DomandaController.php(43): App\Models\RispostaModel->create([...])
 6 SYSTEMPATH\CodeIgniter.php(941): App\Controllers\DomandaController->create()
 7 SYSTEMPATH\CodeIgniter.php(502): CodeIgniter\CodeIgniter->runController(Object(App\Controllers\DomandaController))
 8 SYSTEMPATH\CodeIgniter.php(361): CodeIgniter\CodeIgniter->handleRequest(null, Object(Config\Cache), false)
 9 FCPATH\index.php(79): CodeIgniter\CodeIgniter->run()
CRITICAL - 2024-04-23 17:51:54 --> [Caused by] mysqli_sql_exception: Cannot add or update a child row: a foreign key constraint fails (`baroniadelaide_apiquiz`.`risposte`, CONSTRAINT `risposte_ibfk_1` FOREIGN KEY (`id_domanda`) REFERENCES `domande` (`id_domanda`) ON DELETE CASCADE ON UPDATE CASCADE)
in SYSTEMPATH\Database\MySQLi\Connection.php on line 306.
 1 SYSTEMPATH\Database\MySQLi\Connection.php(306): mysqli->query('INSERT INTO `risposte` (`risposta`, `corretta`) VALUES (\'test1\', \'0\')', 0)
 2 SYSTEMPATH\Database\BaseConnection.php(693): CodeIgniter\Database\MySQLi\Connection->execute('INSERT INTO `risposte` (`risposta`, `corretta`) VALUES (\'test1\', \'0\')')
 3 SYSTEMPATH\Database\BaseConnection.php(607): CodeIgniter\Database\BaseConnection->simpleQuery('INSERT INTO `risposte` (`risposta`, `corretta`) VALUES (\'test1\', \'0\')')
 4 SYSTEMPATH\Database\BaseBuilder.php(2307): CodeIgniter\Database\BaseConnection->query('INSERT INTO `risposte` (`risposta`, `corretta`) VALUES (:risposta:, :corretta:)', [...], false)
 5 APPPATH\Models\RispostaModel.php(36): CodeIgniter\Database\BaseBuilder->insert([...])
 6 APPPATH\Controllers\DomandaController.php(43): App\Models\RispostaModel->create([...])
 7 SYSTEMPATH\CodeIgniter.php(941): App\Controllers\DomandaController->create()
 8 SYSTEMPATH\CodeIgniter.php(502): CodeIgniter\CodeIgniter->runController(Object(App\Controllers\DomandaController))
 9 SYSTEMPATH\CodeIgniter.php(361): CodeIgniter\CodeIgniter->handleRequest(null, Object(Config\Cache), false)
10 FCPATH\index.php(79): CodeIgniter\CodeIgniter->run()
ERROR - 2024-04-23 17:53:13 --> mysqli_sql_exception: Cannot add or update a child row: a foreign key constraint fails (`baroniadelaide_apiquiz`.`risposte`, CONSTRAINT `risposte_ibfk_1` FOREIGN KEY (`id_domanda`) REFERENCES `domande` (`id_domanda`) ON DELETE CASCADE ON UPDATE CASCADE) in C:\xampp\htdocs\webService-2\system\Database\MySQLi\Connection.php:306
Stack trace:
#0 C:\xampp\htdocs\webService-2\system\Database\MySQLi\Connection.php(306): mysqli->query('INSERT INTO `ri...', 0)
#1 C:\xampp\htdocs\webService-2\system\Database\BaseConnection.php(693): CodeIgniter\Database\MySQLi\Connection->execute('INSERT INTO `ri...')
#2 C:\xampp\htdocs\webService-2\system\Database\BaseConnection.php(607): CodeIgniter\Database\BaseConnection->simpleQuery('INSERT INTO `ri...')
#3 C:\xampp\htdocs\webService-2\system\Database\BaseBuilder.php(2307): CodeIgniter\Database\BaseConnection->query('INSERT INTO `ri...', Array, false)
#4 C:\xampp\htdocs\webService-2\app\Models\RispostaModel.php(36): CodeIgniter\Database\BaseBuilder->insert(Array)
#5 C:\xampp\htdocs\webService-2\app\Controllers\DomandaController.php(42): App\Models\RispostaModel->create(Array)
#6 C:\xampp\htdocs\webService-2\system\CodeIgniter.php(941): App\Controllers\DomandaController->create()
#7 C:\xampp\htdocs\webService-2\system\CodeIgniter.php(502): CodeIgniter\CodeIgniter->runController(Object(App\Controllers\DomandaController))
#8 C:\xampp\htdocs\webService-2\system\CodeIgniter.php(361): CodeIgniter\CodeIgniter->handleRequest(NULL, Object(Config\Cache), false)
#9 C:\xampp\htdocs\webService-2\public\index.php(79): CodeIgniter\CodeIgniter->run()
#10 {main}
CRITICAL - 2024-04-23 17:53:13 --> CodeIgniter\Database\Exceptions\DatabaseException: Cannot add or update a child row: a foreign key constraint fails (`baroniadelaide_apiquiz`.`risposte`, CONSTRAINT `risposte_ibfk_1` FOREIGN KEY (`id_domanda`) REFERENCES `domande` (`id_domanda`) ON DELETE CASCADE ON UPDATE CASCADE)
in SYSTEMPATH\Database\BaseConnection.php on line 647.
 1 SYSTEMPATH\Database\BaseBuilder.php(2307): CodeIgniter\Database\BaseConnection->query('INSERT INTO `risposte` (`risposta`, `corretta`) VALUES (:risposta:, :corretta:)', [...], false)
 2 APPPATH\Models\RispostaModel.php(36): CodeIgniter\Database\BaseBuilder->insert([...])
 3 APPPATH\Controllers\DomandaController.php(42): App\Models\RispostaModel->create([...])
 4 SYSTEMPATH\CodeIgniter.php(941): App\Controllers\DomandaController->create()
 5 SYSTEMPATH\CodeIgniter.php(502): CodeIgniter\CodeIgniter->runController(Object(App\Controllers\DomandaController))
 6 SYSTEMPATH\CodeIgniter.php(361): CodeIgniter\CodeIgniter->handleRequest(null, Object(Config\Cache), false)
 7 FCPATH\index.php(79): CodeIgniter\CodeIgniter->run()
CRITICAL - 2024-04-23 17:53:13 --> [Caused by] CodeIgniter\Database\Exceptions\DatabaseException: Cannot add or update a child row: a foreign key constraint fails (`baroniadelaide_apiquiz`.`risposte`, CONSTRAINT `risposte_ibfk_1` FOREIGN KEY (`id_domanda`) REFERENCES `domande` (`id_domanda`) ON DELETE CASCADE ON UPDATE CASCADE)
in SYSTEMPATH\Database\MySQLi\Connection.php on line 311.
 1 SYSTEMPATH\Database\BaseConnection.php(693): CodeIgniter\Database\MySQLi\Connection->execute('INSERT INTO `risposte` (`risposta`, `corretta`) VALUES (\'test1\', \'0\')')
 2 SYSTEMPATH\Database\BaseConnection.php(607): CodeIgniter\Database\BaseConnection->simpleQuery('INSERT INTO `risposte` (`risposta`, `corretta`) VALUES (\'test1\', \'0\')')
 3 SYSTEMPATH\Database\BaseBuilder.php(2307): CodeIgniter\Database\BaseConnection->query('INSERT INTO `risposte` (`risposta`, `corretta`) VALUES (:risposta:, :corretta:)', [...], false)
 4 APPPATH\Models\RispostaModel.php(36): CodeIgniter\Database\BaseBuilder->insert([...])
 5 APPPATH\Controllers\DomandaController.php(42): App\Models\RispostaModel->create([...])
 6 SYSTEMPATH\CodeIgniter.php(941): App\Controllers\DomandaController->create()
 7 SYSTEMPATH\CodeIgniter.php(502): CodeIgniter\CodeIgniter->runController(Object(App\Controllers\DomandaController))
 8 SYSTEMPATH\CodeIgniter.php(361): CodeIgniter\CodeIgniter->handleRequest(null, Object(Config\Cache), false)
 9 FCPATH\index.php(79): CodeIgniter\CodeIgniter->run()
CRITICAL - 2024-04-23 17:53:13 --> [Caused by] mysqli_sql_exception: Cannot add or update a child row: a foreign key constraint fails (`baroniadelaide_apiquiz`.`risposte`, CONSTRAINT `risposte_ibfk_1` FOREIGN KEY (`id_domanda`) REFERENCES `domande` (`id_domanda`) ON DELETE CASCADE ON UPDATE CASCADE)
in SYSTEMPATH\Database\MySQLi\Connection.php on line 306.
 1 SYSTEMPATH\Database\MySQLi\Connection.php(306): mysqli->query('INSERT INTO `risposte` (`risposta`, `corretta`) VALUES (\'test1\', \'0\')', 0)
 2 SYSTEMPATH\Database\BaseConnection.php(693): CodeIgniter\Database\MySQLi\Connection->execute('INSERT INTO `risposte` (`risposta`, `corretta`) VALUES (\'test1\', \'0\')')
 3 SYSTEMPATH\Database\BaseConnection.php(607): CodeIgniter\Database\BaseConnection->simpleQuery('INSERT INTO `risposte` (`risposta`, `corretta`) VALUES (\'test1\', \'0\')')
 4 SYSTEMPATH\Database\BaseBuilder.php(2307): CodeIgniter\Database\BaseConnection->query('INSERT INTO `risposte` (`risposta`, `corretta`) VALUES (:risposta:, :corretta:)', [...], false)
 5 APPPATH\Models\RispostaModel.php(36): CodeIgniter\Database\BaseBuilder->insert([...])
 6 APPPATH\Controllers\DomandaController.php(42): App\Models\RispostaModel->create([...])
 7 SYSTEMPATH\CodeIgniter.php(941): App\Controllers\DomandaController->create()
 8 SYSTEMPATH\CodeIgniter.php(502): CodeIgniter\CodeIgniter->runController(Object(App\Controllers\DomandaController))
 9 SYSTEMPATH\CodeIgniter.php(361): CodeIgniter\CodeIgniter->handleRequest(null, Object(Config\Cache), false)
10 FCPATH\index.php(79): CodeIgniter\CodeIgniter->run()
ERROR - 2024-04-23 17:53:31 --> mysqli_sql_exception: Cannot add or update a child row: a foreign key constraint fails (`baroniadelaide_apiquiz`.`risposte`, CONSTRAINT `risposte_ibfk_1` FOREIGN KEY (`id_domanda`) REFERENCES `domande` (`id_domanda`) ON DELETE CASCADE ON UPDATE CASCADE) in C:\xampp\htdocs\webService-2\system\Database\MySQLi\Connection.php:306
Stack trace:
#0 C:\xampp\htdocs\webService-2\system\Database\MySQLi\Connection.php(306): mysqli->query('INSERT INTO `ri...', 0)
#1 C:\xampp\htdocs\webService-2\system\Database\BaseConnection.php(693): CodeIgniter\Database\MySQLi\Connection->execute('INSERT INTO `ri...')
#2 C:\xampp\htdocs\webService-2\system\Database\BaseConnection.php(607): CodeIgniter\Database\BaseConnection->simpleQuery('INSERT INTO `ri...')
#3 C:\xampp\htdocs\webService-2\system\Database\BaseBuilder.php(2307): CodeIgniter\Database\BaseConnection->query('INSERT INTO `ri...', Array, false)
#4 C:\xampp\htdocs\webService-2\app\Models\RispostaModel.php(36): CodeIgniter\Database\BaseBuilder->insert(Array)
#5 C:\xampp\htdocs\webService-2\app\Controllers\DomandaController.php(42): App\Models\RispostaModel->create(Array)
#6 C:\xampp\htdocs\webService-2\system\CodeIgniter.php(941): App\Controllers\DomandaController->create()
#7 C:\xampp\htdocs\webService-2\system\CodeIgniter.php(502): CodeIgniter\CodeIgniter->runController(Object(App\Controllers\DomandaController))
#8 C:\xampp\htdocs\webService-2\system\CodeIgniter.php(361): CodeIgniter\CodeIgniter->handleRequest(NULL, Object(Config\Cache), false)
#9 C:\xampp\htdocs\webService-2\public\index.php(79): CodeIgniter\CodeIgniter->run()
#10 {main}
CRITICAL - 2024-04-23 17:53:31 --> CodeIgniter\Database\Exceptions\DatabaseException: Cannot add or update a child row: a foreign key constraint fails (`baroniadelaide_apiquiz`.`risposte`, CONSTRAINT `risposte_ibfk_1` FOREIGN KEY (`id_domanda`) REFERENCES `domande` (`id_domanda`) ON DELETE CASCADE ON UPDATE CASCADE)
in SYSTEMPATH\Database\BaseConnection.php on line 647.
 1 SYSTEMPATH\Database\BaseBuilder.php(2307): CodeIgniter\Database\BaseConnection->query('INSERT INTO `risposte` (`risposta`, `corretta`) VALUES (:risposta:, :corretta:)', [...], false)
 2 APPPATH\Models\RispostaModel.php(36): CodeIgniter\Database\BaseBuilder->insert([...])
 3 APPPATH\Controllers\DomandaController.php(42): App\Models\RispostaModel->create([...])
 4 SYSTEMPATH\CodeIgniter.php(941): App\Controllers\DomandaController->create()
 5 SYSTEMPATH\CodeIgniter.php(502): CodeIgniter\CodeIgniter->runController(Object(App\Controllers\DomandaController))
 6 SYSTEMPATH\CodeIgniter.php(361): CodeIgniter\CodeIgniter->handleRequest(null, Object(Config\Cache), false)
 7 FCPATH\index.php(79): CodeIgniter\CodeIgniter->run()
CRITICAL - 2024-04-23 17:53:31 --> [Caused by] CodeIgniter\Database\Exceptions\DatabaseException: Cannot add or update a child row: a foreign key constraint fails (`baroniadelaide_apiquiz`.`risposte`, CONSTRAINT `risposte_ibfk_1` FOREIGN KEY (`id_domanda`) REFERENCES `domande` (`id_domanda`) ON DELETE CASCADE ON UPDATE CASCADE)
in SYSTEMPATH\Database\MySQLi\Connection.php on line 311.
 1 SYSTEMPATH\Database\BaseConnection.php(693): CodeIgniter\Database\MySQLi\Connection->execute('INSERT INTO `risposte` (`risposta`, `corretta`) VALUES (\'test1\', \'0\')')
 2 SYSTEMPATH\Database\BaseConnection.php(607): CodeIgniter\Database\BaseConnection->simpleQuery('INSERT INTO `risposte` (`risposta`, `corretta`) VALUES (\'test1\', \'0\')')
 3 SYSTEMPATH\Database\BaseBuilder.php(2307): CodeIgniter\Database\BaseConnection->query('INSERT INTO `risposte` (`risposta`, `corretta`) VALUES (:risposta:, :corretta:)', [...], false)
 4 APPPATH\Models\RispostaModel.php(36): CodeIgniter\Database\BaseBuilder->insert([...])
 5 APPPATH\Controllers\DomandaController.php(42): App\Models\RispostaModel->create([...])
 6 SYSTEMPATH\CodeIgniter.php(941): App\Controllers\DomandaController->create()
 7 SYSTEMPATH\CodeIgniter.php(502): CodeIgniter\CodeIgniter->runController(Object(App\Controllers\DomandaController))
 8 SYSTEMPATH\CodeIgniter.php(361): CodeIgniter\CodeIgniter->handleRequest(null, Object(Config\Cache), false)
 9 FCPATH\index.php(79): CodeIgniter\CodeIgniter->run()
CRITICAL - 2024-04-23 17:53:31 --> [Caused by] mysqli_sql_exception: Cannot add or update a child row: a foreign key constraint fails (`baroniadelaide_apiquiz`.`risposte`, CONSTRAINT `risposte_ibfk_1` FOREIGN KEY (`id_domanda`) REFERENCES `domande` (`id_domanda`) ON DELETE CASCADE ON UPDATE CASCADE)
in SYSTEMPATH\Database\MySQLi\Connection.php on line 306.
 1 SYSTEMPATH\Database\MySQLi\Connection.php(306): mysqli->query('INSERT INTO `risposte` (`risposta`, `corretta`) VALUES (\'test1\', \'0\')', 0)
 2 SYSTEMPATH\Database\BaseConnection.php(693): CodeIgniter\Database\MySQLi\Connection->execute('INSERT INTO `risposte` (`risposta`, `corretta`) VALUES (\'test1\', \'0\')')
 3 SYSTEMPATH\Database\BaseConnection.php(607): CodeIgniter\Database\BaseConnection->simpleQuery('INSERT INTO `risposte` (`risposta`, `corretta`) VALUES (\'test1\', \'0\')')
 4 SYSTEMPATH\Database\BaseBuilder.php(2307): CodeIgniter\Database\BaseConnection->query('INSERT INTO `risposte` (`risposta`, `corretta`) VALUES (:risposta:, :corretta:)', [...], false)
 5 APPPATH\Models\RispostaModel.php(36): CodeIgniter\Database\BaseBuilder->insert([...])
 6 APPPATH\Controllers\DomandaController.php(42): App\Models\RispostaModel->create([...])
 7 SYSTEMPATH\CodeIgniter.php(941): App\Controllers\DomandaController->create()
 8 SYSTEMPATH\CodeIgniter.php(502): CodeIgniter\CodeIgniter->runController(Object(App\Controllers\DomandaController))
 9 SYSTEMPATH\CodeIgniter.php(361): CodeIgniter\CodeIgniter->handleRequest(null, Object(Config\Cache), false)
10 FCPATH\index.php(79): CodeIgniter\CodeIgniter->run()
ERROR - 2024-04-23 17:54:57 --> mysqli_sql_exception: Cannot add or update a child row: a foreign key constraint fails (`baroniadelaide_apiquiz`.`risposte`, CONSTRAINT `risposte_ibfk_1` FOREIGN KEY (`id_domanda`) REFERENCES `domande` (`id_domanda`) ON DELETE CASCADE ON UPDATE CASCADE) in C:\xampp\htdocs\webService-2\system\Database\MySQLi\Connection.php:306
Stack trace:
#0 C:\xampp\htdocs\webService-2\system\Database\MySQLi\Connection.php(306): mysqli->query('INSERT INTO `ri...', 0)
#1 C:\xampp\htdocs\webService-2\system\Database\BaseConnection.php(693): CodeIgniter\Database\MySQLi\Connection->execute('INSERT INTO `ri...')
#2 C:\xampp\htdocs\webService-2\system\Database\BaseConnection.php(607): CodeIgniter\Database\BaseConnection->simpleQuery('INSERT INTO `ri...')
#3 C:\xampp\htdocs\webService-2\system\Database\BaseBuilder.php(2307): CodeIgniter\Database\BaseConnection->query('INSERT INTO `ri...', Array, false)
#4 C:\xampp\htdocs\webService-2\app\Models\RispostaModel.php(36): CodeIgniter\Database\BaseBuilder->insert(Array)
#5 C:\xampp\htdocs\webService-2\app\Controllers\DomandaController.php(42): App\Models\RispostaModel->create(Array)
#6 C:\xampp\htdocs\webService-2\system\CodeIgniter.php(941): App\Controllers\DomandaController->create()
#7 C:\xampp\htdocs\webService-2\system\CodeIgniter.php(502): CodeIgniter\CodeIgniter->runController(Object(App\Controllers\DomandaController))
#8 C:\xampp\htdocs\webService-2\system\CodeIgniter.php(361): CodeIgniter\CodeIgniter->handleRequest(NULL, Object(Config\Cache), false)
#9 C:\xampp\htdocs\webService-2\public\index.php(79): CodeIgniter\CodeIgniter->run()
#10 {main}
CRITICAL - 2024-04-23 17:54:57 --> CodeIgniter\Database\Exceptions\DatabaseException: Cannot add or update a child row: a foreign key constraint fails (`baroniadelaide_apiquiz`.`risposte`, CONSTRAINT `risposte_ibfk_1` FOREIGN KEY (`id_domanda`) REFERENCES `domande` (`id_domanda`) ON DELETE CASCADE ON UPDATE CASCADE)
in SYSTEMPATH\Database\BaseConnection.php on line 647.
 1 SYSTEMPATH\Database\BaseBuilder.php(2307): CodeIgniter\Database\BaseConnection->query('INSERT INTO `risposte` (`risposta`, `corretta`) VALUES (:risposta:, :corretta:)', [...], false)
 2 APPPATH\Models\RispostaModel.php(36): CodeIgniter\Database\BaseBuilder->insert([...])
 3 APPPATH\Controllers\DomandaController.php(42): App\Models\RispostaModel->create([...])
 4 SYSTEMPATH\CodeIgniter.php(941): App\Controllers\DomandaController->create()
 5 SYSTEMPATH\CodeIgniter.php(502): CodeIgniter\CodeIgniter->runController(Object(App\Controllers\DomandaController))
 6 SYSTEMPATH\CodeIgniter.php(361): CodeIgniter\CodeIgniter->handleRequest(null, Object(Config\Cache), false)
 7 FCPATH\index.php(79): CodeIgniter\CodeIgniter->run()
CRITICAL - 2024-04-23 17:54:57 --> [Caused by] CodeIgniter\Database\Exceptions\DatabaseException: Cannot add or update a child row: a foreign key constraint fails (`baroniadelaide_apiquiz`.`risposte`, CONSTRAINT `risposte_ibfk_1` FOREIGN KEY (`id_domanda`) REFERENCES `domande` (`id_domanda`) ON DELETE CASCADE ON UPDATE CASCADE)
in SYSTEMPATH\Database\MySQLi\Connection.php on line 311.
 1 SYSTEMPATH\Database\BaseConnection.php(693): CodeIgniter\Database\MySQLi\Connection->execute('INSERT INTO `risposte` (`risposta`, `corretta`) VALUES (\'test1\', \'0\')')
 2 SYSTEMPATH\Database\BaseConnection.php(607): CodeIgniter\Database\BaseConnection->simpleQuery('INSERT INTO `risposte` (`risposta`, `corretta`) VALUES (\'test1\', \'0\')')
 3 SYSTEMPATH\Database\BaseBuilder.php(2307): CodeIgniter\Database\BaseConnection->query('INSERT INTO `risposte` (`risposta`, `corretta`) VALUES (:risposta:, :corretta:)', [...], false)
 4 APPPATH\Models\RispostaModel.php(36): CodeIgniter\Database\BaseBuilder->insert([...])
 5 APPPATH\Controllers\DomandaController.php(42): App\Models\RispostaModel->create([...])
 6 SYSTEMPATH\CodeIgniter.php(941): App\Controllers\DomandaController->create()
 7 SYSTEMPATH\CodeIgniter.php(502): CodeIgniter\CodeIgniter->runController(Object(App\Controllers\DomandaController))
 8 SYSTEMPATH\CodeIgniter.php(361): CodeIgniter\CodeIgniter->handleRequest(null, Object(Config\Cache), false)
 9 FCPATH\index.php(79): CodeIgniter\CodeIgniter->run()
CRITICAL - 2024-04-23 17:54:57 --> [Caused by] mysqli_sql_exception: Cannot add or update a child row: a foreign key constraint fails (`baroniadelaide_apiquiz`.`risposte`, CONSTRAINT `risposte_ibfk_1` FOREIGN KEY (`id_domanda`) REFERENCES `domande` (`id_domanda`) ON DELETE CASCADE ON UPDATE CASCADE)
in SYSTEMPATH\Database\MySQLi\Connection.php on line 306.
 1 SYSTEMPATH\Database\MySQLi\Connection.php(306): mysqli->query('INSERT INTO `risposte` (`risposta`, `corretta`) VALUES (\'test1\', \'0\')', 0)
 2 SYSTEMPATH\Database\BaseConnection.php(693): CodeIgniter\Database\MySQLi\Connection->execute('INSERT INTO `risposte` (`risposta`, `corretta`) VALUES (\'test1\', \'0\')')
 3 SYSTEMPATH\Database\BaseConnection.php(607): CodeIgniter\Database\BaseConnection->simpleQuery('INSERT INTO `risposte` (`risposta`, `corretta`) VALUES (\'test1\', \'0\')')
 4 SYSTEMPATH\Database\BaseBuilder.php(2307): CodeIgniter\Database\BaseConnection->query('INSERT INTO `risposte` (`risposta`, `corretta`) VALUES (:risposta:, :corretta:)', [...], false)
 5 APPPATH\Models\RispostaModel.php(36): CodeIgniter\Database\BaseBuilder->insert([...])
 6 APPPATH\Controllers\DomandaController.php(42): App\Models\RispostaModel->create([...])
 7 SYSTEMPATH\CodeIgniter.php(941): App\Controllers\DomandaController->create()
 8 SYSTEMPATH\CodeIgniter.php(502): CodeIgniter\CodeIgniter->runController(Object(App\Controllers\DomandaController))
 9 SYSTEMPATH\CodeIgniter.php(361): CodeIgniter\CodeIgniter->handleRequest(null, Object(Config\Cache), false)
10 FCPATH\index.php(79): CodeIgniter\CodeIgniter->run()
ERROR - 2024-04-23 17:56:43 --> mysqli_sql_exception: Cannot add or update a child row: a foreign key constraint fails (`baroniadelaide_apiquiz`.`risposte`, CONSTRAINT `risposte_ibfk_1` FOREIGN KEY (`id_domanda`) REFERENCES `domande` (`id_domanda`) ON DELETE CASCADE ON UPDATE CASCADE) in C:\xampp\htdocs\webService-2\system\Database\MySQLi\Connection.php:306
Stack trace:
#0 C:\xampp\htdocs\webService-2\system\Database\MySQLi\Connection.php(306): mysqli->query('INSERT INTO `ri...', 0)
#1 C:\xampp\htdocs\webService-2\system\Database\BaseConnection.php(693): CodeIgniter\Database\MySQLi\Connection->execute('INSERT INTO `ri...')
#2 C:\xampp\htdocs\webService-2\system\Database\BaseConnection.php(607): CodeIgniter\Database\BaseConnection->simpleQuery('INSERT INTO `ri...')
#3 C:\xampp\htdocs\webService-2\system\Database\BaseBuilder.php(2307): CodeIgniter\Database\BaseConnection->query('INSERT INTO `ri...', Array, false)
#4 C:\xampp\htdocs\webService-2\app\Models\RispostaModel.php(36): CodeIgniter\Database\BaseBuilder->insert(Array)
#5 C:\xampp\htdocs\webService-2\app\Controllers\RispostaController.php(33): App\Models\RispostaModel->create(Array)
#6 C:\xampp\htdocs\webService-2\system\CodeIgniter.php(941): App\Controllers\RispostaController->create()
#7 C:\xampp\htdocs\webService-2\system\CodeIgniter.php(502): CodeIgniter\CodeIgniter->runController(Object(App\Controllers\RispostaController))
#8 C:\xampp\htdocs\webService-2\system\CodeIgniter.php(361): CodeIgniter\CodeIgniter->handleRequest(NULL, Object(Config\Cache), false)
#9 C:\xampp\htdocs\webService-2\public\index.php(79): CodeIgniter\CodeIgniter->run()
#10 {main}
CRITICAL - 2024-04-23 17:56:43 --> CodeIgniter\Database\Exceptions\DatabaseException: Cannot add or update a child row: a foreign key constraint fails (`baroniadelaide_apiquiz`.`risposte`, CONSTRAINT `risposte_ibfk_1` FOREIGN KEY (`id_domanda`) REFERENCES `domande` (`id_domanda`) ON DELETE CASCADE ON UPDATE CASCADE)
in SYSTEMPATH\Database\BaseConnection.php on line 647.
 1 SYSTEMPATH\Database\BaseBuilder.php(2307): CodeIgniter\Database\BaseConnection->query('INSERT INTO `risposte` (`risposta`, `corretta`) VALUES (:risposta:, :corretta:)', [...], false)
 2 APPPATH\Models\RispostaModel.php(36): CodeIgniter\Database\BaseBuilder->insert([...])
 3 APPPATH\Controllers\RispostaController.php(33): App\Models\RispostaModel->create([...])
 4 SYSTEMPATH\CodeIgniter.php(941): App\Controllers\RispostaController->create()
 5 SYSTEMPATH\CodeIgniter.php(502): CodeIgniter\CodeIgniter->runController(Object(App\Controllers\RispostaController))
 6 SYSTEMPATH\CodeIgniter.php(361): CodeIgniter\CodeIgniter->handleRequest(null, Object(Config\Cache), false)
 7 FCPATH\index.php(79): CodeIgniter\CodeIgniter->run()
CRITICAL - 2024-04-23 17:56:43 --> [Caused by] CodeIgniter\Database\Exceptions\DatabaseException: Cannot add or update a child row: a foreign key constraint fails (`baroniadelaide_apiquiz`.`risposte`, CONSTRAINT `risposte_ibfk_1` FOREIGN KEY (`id_domanda`) REFERENCES `domande` (`id_domanda`) ON DELETE CASCADE ON UPDATE CASCADE)
in SYSTEMPATH\Database\MySQLi\Connection.php on line 311.
 1 SYSTEMPATH\Database\BaseConnection.php(693): CodeIgniter\Database\MySQLi\Connection->execute('INSERT INTO `risposte` (`risposta`, `corretta`) VALUES (\'test1\', \'0\')')
 2 SYSTEMPATH\Database\BaseConnection.php(607): CodeIgniter\Database\BaseConnection->simpleQuery('INSERT INTO `risposte` (`risposta`, `corretta`) VALUES (\'test1\', \'0\')')
 3 SYSTEMPATH\Database\BaseBuilder.php(2307): CodeIgniter\Database\BaseConnection->query('INSERT INTO `risposte` (`risposta`, `corretta`) VALUES (:risposta:, :corretta:)', [...], false)
 4 APPPATH\Models\RispostaModel.php(36): CodeIgniter\Database\BaseBuilder->insert([...])
 5 APPPATH\Controllers\RispostaController.php(33): App\Models\RispostaModel->create([...])
 6 SYSTEMPATH\CodeIgniter.php(941): App\Controllers\RispostaController->create()
 7 SYSTEMPATH\CodeIgniter.php(502): CodeIgniter\CodeIgniter->runController(Object(App\Controllers\RispostaController))
 8 SYSTEMPATH\CodeIgniter.php(361): CodeIgniter\CodeIgniter->handleRequest(null, Object(Config\Cache), false)
 9 FCPATH\index.php(79): CodeIgniter\CodeIgniter->run()
CRITICAL - 2024-04-23 17:56:43 --> [Caused by] mysqli_sql_exception: Cannot add or update a child row: a foreign key constraint fails (`baroniadelaide_apiquiz`.`risposte`, CONSTRAINT `risposte_ibfk_1` FOREIGN KEY (`id_domanda`) REFERENCES `domande` (`id_domanda`) ON DELETE CASCADE ON UPDATE CASCADE)
in SYSTEMPATH\Database\MySQLi\Connection.php on line 306.
 1 SYSTEMPATH\Database\MySQLi\Connection.php(306): mysqli->query('INSERT INTO `risposte` (`risposta`, `corretta`) VALUES (\'test1\', \'0\')', 0)
 2 SYSTEMPATH\Database\BaseConnection.php(693): CodeIgniter\Database\MySQLi\Connection->execute('INSERT INTO `risposte` (`risposta`, `corretta`) VALUES (\'test1\', \'0\')')
 3 SYSTEMPATH\Database\BaseConnection.php(607): CodeIgniter\Database\BaseConnection->simpleQuery('INSERT INTO `risposte` (`risposta`, `corretta`) VALUES (\'test1\', \'0\')')
 4 SYSTEMPATH\Database\BaseBuilder.php(2307): CodeIgniter\Database\BaseConnection->query('INSERT INTO `risposte` (`risposta`, `corretta`) VALUES (:risposta:, :corretta:)', [...], false)
 5 APPPATH\Models\RispostaModel.php(36): CodeIgniter\Database\BaseBuilder->insert([...])
 6 APPPATH\Controllers\RispostaController.php(33): App\Models\RispostaModel->create([...])
 7 SYSTEMPATH\CodeIgniter.php(941): App\Controllers\RispostaController->create()
 8 SYSTEMPATH\CodeIgniter.php(502): CodeIgniter\CodeIgniter->runController(Object(App\Controllers\RispostaController))
 9 SYSTEMPATH\CodeIgniter.php(361): CodeIgniter\CodeIgniter->handleRequest(null, Object(Config\Cache), false)
10 FCPATH\index.php(79): CodeIgniter\CodeIgniter->run()
CRITICAL - 2024-04-23 18:01:59 --> ParseError: syntax error, unexpected variable "$routes"
in APPPATH\Config\Routes.php on line 33.
 1 SYSTEMPATH\CodeIgniter.php(810): CodeIgniter\Router\RouteCollection->loadRoutes()
 2 SYSTEMPATH\CodeIgniter.php(450): CodeIgniter\CodeIgniter->tryToRouteIt(null)
 3 SYSTEMPATH\CodeIgniter.php(361): CodeIgniter\CodeIgniter->handleRequest(null, Object(Config\Cache), false)
 4 FCPATH\index.php(79): CodeIgniter\CodeIgniter->run()
CRITICAL - 2024-04-23 18:02:12 --> ParseError: syntax error, unexpected end of file
in APPPATH\Config\Routes.php on line 42.
 1 SYSTEMPATH\CodeIgniter.php(810): CodeIgniter\Router\RouteCollection->loadRoutes()
 2 SYSTEMPATH\CodeIgniter.php(450): CodeIgniter\CodeIgniter->tryToRouteIt(null)
 3 SYSTEMPATH\CodeIgniter.php(361): CodeIgniter\CodeIgniter->handleRequest(null, Object(Config\Cache), false)
 4 FCPATH\index.php(79): CodeIgniter\CodeIgniter->run()
CRITICAL - 2024-04-23 18:02:21 --> Error: Call to undefined method CodeIgniter\Database\MySQLi\Connection::delete()
in APPPATH\Models\RispostaModel.php on line 51.
 1 APPPATH\Controllers\RispostaController.php(53): App\Models\RispostaModel->delete('53')
 2 SYSTEMPATH\CodeIgniter.php(941): App\Controllers\RispostaController->delete('53')
 3 SYSTEMPATH\CodeIgniter.php(502): CodeIgniter\CodeIgniter->runController(Object(App\Controllers\RispostaController))
 4 SYSTEMPATH\CodeIgniter.php(361): CodeIgniter\CodeIgniter->handleRequest(null, Object(Config\Cache), false)
 5 FCPATH\index.php(79): CodeIgniter\CodeIgniter->run()
CRITICAL - 2024-04-23 18:06:22 --> ErrorException: Declaration of App\Models\RispostaModel::delete($id) must be compatible with CodeIgniter\BaseModel::delete($id = null, bool $purge = false)
in APPPATH\Models\RispostaModel.php on line 50.
 1 [internal function]: CodeIgniter\Debug\Exceptions->shutdownHandler()
